test_login.py-[LineNo:28]-2022-04-21 10:24:46,413-INFO-详细参数为: 输入错误的用户名
test_login.py-[LineNo:32]-2022-04-21 10:24:46,415-INFO-*************** 开始执行用例 ***************
test_login.py-[LineNo:33]-2022-04-21 10:24:46,416-INFO------------>开始执行测试案例:输入错误的用户名
test_login.py-[LineNo:28]-2022-04-21 10:24:48,794-INFO-详细参数为: 输入错误的密码
test_login.py-[LineNo:32]-2022-04-21 10:24:48,797-INFO-*************** 开始执行用例 ***************
test_login.py-[LineNo:33]-2022-04-21 10:24:48,797-INFO------------>开始执行测试案例:输入错误的密码
test_login.py-[LineNo:28]-2022-04-21 10:24:51,048-INFO-详细参数为: 两次密码输入不一致
test_login.py-[LineNo:32]-2022-04-21 10:24:51,058-INFO-*************** 开始执行用例 ***************
test_login.py-[LineNo:33]-2022-04-21 10:24:51,058-INFO------------>开始执行测试案例:两次密码输入不一致
test_login.py-[LineNo:28]-2022-04-21 10:25:28,139-INFO-详细参数为: 输入错误的用户名
test_login.py-[LineNo:32]-2022-04-21 10:25:28,145-INFO-*************** 开始执行用例 ***************
test_login.py-[LineNo:33]-2022-04-21 10:25:28,145-INFO------------>开始执行测试案例:输入错误的用户名
test_login.py-[LineNo:28]-2022-04-21 10:25:30,482-INFO-详细参数为: 输入错误的密码
test_login.py-[LineNo:32]-2022-04-21 10:25:30,486-INFO-*************** 开始执行用例 ***************
test_login.py-[LineNo:33]-2022-04-21 10:25:30,486-INFO------------>开始执行测试案例:输入错误的密码
test_login.py-[LineNo:28]-2022-04-21 10:25:32,777-INFO-详细参数为: 两次密码输入不一致
test_login.py-[LineNo:32]-2022-04-21 10:25:32,783-INFO-*************** 开始执行用例 ***************
test_login.py-[LineNo:33]-2022-04-21 10:25:32,783-INFO------------>开始执行测试案例:两次密码输入不一致
test_login.py-[LineNo:30]-2022-04-21 10:36:51,676-INFO-详细参数为: 输入错误的用户名
test_login.py-[LineNo:34]-2022-04-21 10:36:51,689-INFO-*************** 开始执行用例 ***************
test_login.py-[LineNo:35]-2022-04-21 10:36:51,689-INFO------------>开始执行测试案例:输入错误的用户名
test_login.py-[LineNo:50]-2022-04-21 10:36:51,698-INFO-返回结果:{"code": 1005, "msg": "用户名必须以字母开头，由字母和数字组成 6-8位的字符串"}
test_login.py-[LineNo:51]-2022-04-21 10:36:51,698-INFO-预期:{"code": 100, "msg": "用户名必须以字母开头，由字母和数字组成 6-8位的字符串"}
test_login.py-[LineNo:52]-2022-04-21 10:36:51,698-INFO-实际:{"code": 1005, "msg": "用户名必须以字母开头，由字母和数字组成 6-8位的字符串"}
test_login.py-[LineNo:61]-2022-04-21 10:36:51,698-ERROR-测试案例【1】实际结果与预期结果不一致
test_login.py-[LineNo:64]-2022-04-21 10:36:51,698-INFO-data=/['code']:预期值:100<class 'int'>,实际值:1005<class 'int'>
test_login.py-[LineNo:84]-2022-04-21 10:36:51,940-INFO------------>结束执行测试案例：【输入错误的用户名】
test_login.py-[LineNo:85]-2022-04-21 10:36:51,940-INFO-*************** 结束执行用例 ***************
test_login.py-[LineNo:30]-2022-04-21 10:36:51,985-INFO-详细参数为: 输入错误的密码
test_login.py-[LineNo:34]-2022-04-21 10:36:51,986-INFO-*************** 开始执行用例 ***************
test_login.py-[LineNo:35]-2022-04-21 10:36:51,987-INFO------------>开始执行测试案例:输入错误的密码
test_login.py-[LineNo:50]-2022-04-21 10:36:51,987-INFO-返回结果:{"code": 1006, "msg": "密码必须为7-11位字母和数字"}
test_login.py-[LineNo:51]-2022-04-21 10:36:51,987-INFO-预期:{"code": 1006, "msg": "密码必须为7-11位字母和数字"}
test_login.py-[LineNo:52]-2022-04-21 10:36:51,987-INFO-实际:{"code": 1006, "msg": "密码必须为7-11位字母和数字"}
test_login.py-[LineNo:84]-2022-04-21 10:36:51,994-INFO------------>结束执行测试案例：【输入错误的密码】
test_login.py-[LineNo:85]-2022-04-21 10:36:51,994-INFO-*************** 结束执行用例 ***************
test_login.py-[LineNo:30]-2022-04-21 10:36:52,001-INFO-详细参数为: 两次密码输入不一致
test_login.py-[LineNo:34]-2022-04-21 10:36:52,003-INFO-*************** 开始执行用例 ***************
test_login.py-[LineNo:35]-2022-04-21 10:36:52,004-INFO------------>开始执行测试案例:两次密码输入不一致
test_login.py-[LineNo:50]-2022-04-21 10:36:52,004-INFO-返回结果:{"code": 1006, "msg": "密码必须为7-11位字母和数字"}
test_login.py-[LineNo:51]-2022-04-21 10:36:52,004-INFO-预期:{"code": 1006, "msg": "密码必须为7-11位字母和数字"}
test_login.py-[LineNo:52]-2022-04-21 10:36:52,004-INFO-实际:{"code": 1006, "msg": "密码必须为7-11位字母和数字"}
test_login.py-[LineNo:84]-2022-04-21 10:36:52,010-INFO------------>结束执行测试案例：【两次密码输入不一致】
test_login.py-[LineNo:85]-2022-04-21 10:36:52,010-INFO-*************** 结束执行用例 ***************
test_login.py-[LineNo:30]-2022-04-21 10:37:59,282-INFO-详细参数为: 输入错误的用户名
test_login.py-[LineNo:34]-2022-04-21 10:37:59,288-INFO-*************** 开始执行用例 ***************
test_login.py-[LineNo:35]-2022-04-21 10:37:59,288-INFO------------>开始执行测试案例:输入错误的用户名
test_login.py-[LineNo:50]-2022-04-21 10:37:59,294-INFO-返回结果:{"code": 1005, "msg": "用户名必须以字母开头，由字母和数字组成 6-8位的字符串"}
test_login.py-[LineNo:51]-2022-04-21 10:37:59,294-INFO-预期:{"code": 100, "msg": "用户名必须以字母开头，由字母和数字组成 6-8位的字符串"}
test_login.py-[LineNo:52]-2022-04-21 10:37:59,294-INFO-实际:{"code": 1005, "msg": "用户名必须以字母开头，由字母和数字组成 6-8位的字符串"}
test_login.py-[LineNo:61]-2022-04-21 10:37:59,295-ERROR-测试案例【1】实际结果与预期结果不一致
test_login.py-[LineNo:64]-2022-04-21 10:37:59,295-INFO-data=/['code']:预期值:100<class 'int'>,实际值:1005<class 'int'>
test_login.py-[LineNo:84]-2022-04-21 10:37:59,382-INFO------------>结束执行测试案例：【输入错误的用户名】
test_login.py-[LineNo:85]-2022-04-21 10:37:59,398-INFO-*************** 结束执行用例 ***************
test_login.py-[LineNo:30]-2022-04-21 10:37:59,411-INFO-详细参数为: 输入错误的密码
test_login.py-[LineNo:34]-2022-04-21 10:37:59,413-INFO-*************** 开始执行用例 ***************
test_login.py-[LineNo:35]-2022-04-21 10:37:59,413-INFO------------>开始执行测试案例:输入错误的密码
test_login.py-[LineNo:50]-2022-04-21 10:37:59,419-INFO-返回结果:{"code": 1006, "msg": "密码必须为7-11位字母和数字"}
test_login.py-[LineNo:51]-2022-04-21 10:37:59,419-INFO-预期:{"code": 1006, "msg": "密码必须为7-11位字母和数字"}
test_login.py-[LineNo:52]-2022-04-21 10:37:59,419-INFO-实际:{"code": 1006, "msg": "密码必须为7-11位字母和数字"}
test_login.py-[LineNo:84]-2022-04-21 10:37:59,420-INFO------------>结束执行测试案例：【输入错误的密码】
test_login.py-[LineNo:85]-2022-04-21 10:37:59,420-INFO-*************** 结束执行用例 ***************
test_login.py-[LineNo:30]-2022-04-21 10:37:59,425-INFO-详细参数为: 两次密码输入不一致
test_login.py-[LineNo:34]-2022-04-21 10:37:59,427-INFO-*************** 开始执行用例 ***************
test_login.py-[LineNo:35]-2022-04-21 10:37:59,427-INFO------------>开始执行测试案例:两次密码输入不一致
test_login.py-[LineNo:50]-2022-04-21 10:37:59,434-INFO-返回结果:{"code": 1006, "msg": "密码必须为7-11位字母和数字"}
test_login.py-[LineNo:51]-2022-04-21 10:37:59,434-INFO-预期:{"code": 1006, "msg": "密码必须为7-11位字母和数字"}
test_login.py-[LineNo:52]-2022-04-21 10:37:59,434-INFO-实际:{"code": 1006, "msg": "密码必须为7-11位字母和数字"}
test_login.py-[LineNo:84]-2022-04-21 10:37:59,436-INFO------------>结束执行测试案例：【两次密码输入不一致】
test_login.py-[LineNo:85]-2022-04-21 10:37:59,436-INFO-*************** 结束执行用例 ***************
test_login.py-[LineNo:30]-2022-04-21 10:39:23,166-INFO-详细参数为: 输入错误的用户名
test_login.py-[LineNo:34]-2022-04-21 10:39:23,169-INFO-*************** 开始执行用例 ***************
test_login.py-[LineNo:35]-2022-04-21 10:39:23,169-INFO------------>开始执行测试案例:输入错误的用户名
test_login.py-[LineNo:50]-2022-04-21 10:39:23,176-INFO-返回结果:{"code": 1005, "msg": "用户名必须以字母开头，由字母和数字组成 6-8位的字符串"}
test_login.py-[LineNo:51]-2022-04-21 10:39:23,176-INFO-预期:{"code": 100, "msg": "用户名必须以字母开头，由字母和数字组成 6-8位的字符串"}
test_login.py-[LineNo:52]-2022-04-21 10:39:23,176-INFO-实际:{"code": 1005, "msg": "用户名必须以字母开头，由字母和数字组成 6-8位的字符串"}
test_login.py-[LineNo:61]-2022-04-21 10:39:23,177-ERROR-测试案例【1】实际结果与预期结果不一致
test_login.py-[LineNo:64]-2022-04-21 10:39:23,177-INFO-data=/['code']:预期值:100<class 'int'>,实际值:1005<class 'int'>
test_login.py-[LineNo:84]-2022-04-21 10:39:23,269-INFO------------>结束执行测试案例：【输入错误的用户名】
test_login.py-[LineNo:85]-2022-04-21 10:39:23,269-INFO-*************** 结束执行用例 ***************
test_login.py-[LineNo:30]-2022-04-21 10:39:23,297-INFO-详细参数为: 输入错误的密码
test_login.py-[LineNo:34]-2022-04-21 10:39:23,298-INFO-*************** 开始执行用例 ***************
test_login.py-[LineNo:35]-2022-04-21 10:39:23,298-INFO------------>开始执行测试案例:输入错误的密码
test_login.py-[LineNo:50]-2022-04-21 10:39:23,304-INFO-返回结果:{"code": 1006, "msg": "密码必须为7-11位字母和数字"}
test_login.py-[LineNo:51]-2022-04-21 10:39:23,304-INFO-预期:{"code": 1006, "msg": "密码必须为7-11位字母和数字"}
test_login.py-[LineNo:52]-2022-04-21 10:39:23,304-INFO-实际:{"code": 1006, "msg": "密码必须为7-11位字母和数字"}
test_login.py-[LineNo:84]-2022-04-21 10:39:23,305-INFO------------>结束执行测试案例：【输入错误的密码】
test_login.py-[LineNo:85]-2022-04-21 10:39:23,305-INFO-*************** 结束执行用例 ***************
test_login.py-[LineNo:30]-2022-04-21 10:39:23,310-INFO-详细参数为: 两次密码输入不一致
test_login.py-[LineNo:34]-2022-04-21 10:39:23,311-INFO-*************** 开始执行用例 ***************
test_login.py-[LineNo:35]-2022-04-21 10:39:23,311-INFO------------>开始执行测试案例:两次密码输入不一致
test_login.py-[LineNo:50]-2022-04-21 10:39:23,316-INFO-返回结果:{"code": 1006, "msg": "密码必须为7-11位字母和数字"}
test_login.py-[LineNo:51]-2022-04-21 10:39:23,316-INFO-预期:{"code": 1006, "msg": "密码必须为7-11位字母和数字"}
test_login.py-[LineNo:52]-2022-04-21 10:39:23,316-INFO-实际:{"code": 1006, "msg": "密码必须为7-11位字母和数字"}
test_login.py-[LineNo:84]-2022-04-21 10:39:23,317-INFO------------>结束执行测试案例：【两次密码输入不一致】
test_login.py-[LineNo:85]-2022-04-21 10:39:23,317-INFO-*************** 结束执行用例 ***************
test_login.py-[LineNo:31]-2022-04-21 10:40:45,517-INFO-详细参数为: 输入错误的用户名
test_login.py-[LineNo:35]-2022-04-21 10:40:45,520-INFO-*************** 开始执行用例 ***************
test_login.py-[LineNo:36]-2022-04-21 10:40:45,520-INFO------------>开始执行测试案例:输入错误的用户名
test_login.py-[LineNo:51]-2022-04-21 10:40:45,528-INFO-返回结果:{"code": 1005, "msg": "用户名必须以字母开头，由字母和数字组成 6-8位的字符串"}
test_login.py-[LineNo:52]-2022-04-21 10:40:45,528-INFO-预期:{"code": 100, "msg": "用户名必须以字母开头，由字母和数字组成 6-8位的字符串"}
test_login.py-[LineNo:53]-2022-04-21 10:40:45,528-INFO-实际:{"code": 1005, "msg": "用户名必须以字母开头，由字母和数字组成 6-8位的字符串"}
test_login.py-[LineNo:62]-2022-04-21 10:40:45,529-ERROR-测试案例【1】实际结果与预期结果不一致
test_login.py-[LineNo:65]-2022-04-21 10:40:45,529-INFO-data=/['code']:预期值:100<class 'int'>,实际值:1005<class 'int'>
test_login.py-[LineNo:85]-2022-04-21 10:40:45,636-INFO------------>结束执行测试案例：【输入错误的用户名】
test_login.py-[LineNo:86]-2022-04-21 10:40:45,636-INFO-*************** 结束执行用例 ***************
test_login.py-[LineNo:31]-2022-04-21 10:40:45,655-INFO-详细参数为: 输入错误的密码
test_login.py-[LineNo:35]-2022-04-21 10:40:45,657-INFO-*************** 开始执行用例 ***************
test_login.py-[LineNo:36]-2022-04-21 10:40:45,657-INFO------------>开始执行测试案例:输入错误的密码
test_login.py-[LineNo:51]-2022-04-21 10:40:45,657-INFO-返回结果:{"code": 1006, "msg": "密码必须为7-11位字母和数字"}
test_login.py-[LineNo:52]-2022-04-21 10:40:45,657-INFO-预期:{"code": 1006, "msg": "密码必须为7-11位字母和数字"}
test_login.py-[LineNo:53]-2022-04-21 10:40:45,657-INFO-实际:{"code": 1006, "msg": "密码必须为7-11位字母和数字"}
test_login.py-[LineNo:85]-2022-04-21 10:40:45,664-INFO------------>结束执行测试案例：【输入错误的密码】
test_login.py-[LineNo:86]-2022-04-21 10:40:45,664-INFO-*************** 结束执行用例 ***************
test_login.py-[LineNo:31]-2022-04-21 10:40:45,669-INFO-详细参数为: 两次密码输入不一致
test_login.py-[LineNo:35]-2022-04-21 10:40:45,671-INFO-*************** 开始执行用例 ***************
test_login.py-[LineNo:36]-2022-04-21 10:40:45,672-INFO------------>开始执行测试案例:两次密码输入不一致
test_login.py-[LineNo:51]-2022-04-21 10:40:45,672-INFO-返回结果:{"code": 1006, "msg": "密码必须为7-11位字母和数字"}
test_login.py-[LineNo:52]-2022-04-21 10:40:45,676-INFO-预期:{"code": 1006, "msg": "密码必须为7-11位字母和数字"}
test_login.py-[LineNo:53]-2022-04-21 10:40:45,676-INFO-实际:{"code": 1006, "msg": "密码必须为7-11位字母和数字"}
test_login.py-[LineNo:85]-2022-04-21 10:40:45,677-INFO------------>结束执行测试案例：【两次密码输入不一致】
test_login.py-[LineNo:86]-2022-04-21 10:40:45,677-INFO-*************** 结束执行用例 ***************
test_login.py-[LineNo:29]-2022-04-21 10:41:43,455-INFO-详细参数为: 输入错误的用户名
test_login.py-[LineNo:33]-2022-04-21 10:41:43,464-INFO-*************** 开始执行用例 ***************
test_login.py-[LineNo:34]-2022-04-21 10:41:43,464-INFO------------>开始执行测试案例:输入错误的用户名
test_login.py-[LineNo:49]-2022-04-21 10:41:43,473-INFO-返回结果:{"code": 1005, "msg": "用户名必须以字母开头，由字母和数字组成 6-8位的字符串"}
test_login.py-[LineNo:50]-2022-04-21 10:41:43,473-INFO-预期:{"code": 100, "msg": "用户名必须以字母开头，由字母和数字组成 6-8位的字符串"}
test_login.py-[LineNo:51]-2022-04-21 10:41:43,473-INFO-实际:{"code": 1005, "msg": "用户名必须以字母开头，由字母和数字组成 6-8位的字符串"}
test_login.py-[LineNo:60]-2022-04-21 10:41:43,475-ERROR-测试案例【1】实际结果与预期结果不一致
test_login.py-[LineNo:63]-2022-04-21 10:41:43,475-INFO-data=/['code']:预期值:100<class 'int'>,实际值:1005<class 'int'>
test_login.py-[LineNo:83]-2022-04-21 10:41:43,569-INFO------------>结束执行测试案例：【输入错误的用户名】
test_login.py-[LineNo:84]-2022-04-21 10:41:43,569-INFO-*************** 结束执行用例 ***************
test_login.py-[LineNo:29]-2022-04-21 10:41:43,583-INFO-详细参数为: 输入错误的密码
test_login.py-[LineNo:33]-2022-04-21 10:41:43,584-INFO-*************** 开始执行用例 ***************
test_login.py-[LineNo:34]-2022-04-21 10:41:43,584-INFO------------>开始执行测试案例:输入错误的密码
test_login.py-[LineNo:49]-2022-04-21 10:41:43,591-INFO-返回结果:{"code": 1006, "msg": "密码必须为7-11位字母和数字"}
test_login.py-[LineNo:50]-2022-04-21 10:41:43,591-INFO-预期:{"code": 1006, "msg": "密码必须为7-11位字母和数字"}
test_login.py-[LineNo:51]-2022-04-21 10:41:43,591-INFO-实际:{"code": 1006, "msg": "密码必须为7-11位字母和数字"}
test_login.py-[LineNo:83]-2022-04-21 10:41:43,592-INFO------------>结束执行测试案例：【输入错误的密码】
test_login.py-[LineNo:84]-2022-04-21 10:41:43,592-INFO-*************** 结束执行用例 ***************
test_login.py-[LineNo:29]-2022-04-21 10:41:43,596-INFO-详细参数为: 两次密码输入不一致
test_login.py-[LineNo:33]-2022-04-21 10:41:43,596-INFO-*************** 开始执行用例 ***************
test_login.py-[LineNo:34]-2022-04-21 10:41:43,596-INFO------------>开始执行测试案例:两次密码输入不一致
test_login.py-[LineNo:49]-2022-04-21 10:41:43,601-INFO-返回结果:{"code": 1006, "msg": "密码必须为7-11位字母和数字"}
test_login.py-[LineNo:50]-2022-04-21 10:41:43,604-INFO-预期:{"code": 1006, "msg": "密码必须为7-11位字母和数字"}
test_login.py-[LineNo:51]-2022-04-21 10:41:43,604-INFO-实际:{"code": 1006, "msg": "密码必须为7-11位字母和数字"}
test_login.py-[LineNo:83]-2022-04-21 10:41:43,604-INFO------------>结束执行测试案例：【两次密码输入不一致】
test_login.py-[LineNo:84]-2022-04-21 10:41:43,604-INFO-*************** 结束执行用例 ***************
test_login.py-[LineNo:29]-2022-04-21 10:43:49,417-INFO-详细参数为: 输入错误的用户名
test_login.py-[LineNo:33]-2022-04-21 10:43:49,419-INFO-*************** 开始执行用例 ***************
test_login.py-[LineNo:34]-2022-04-21 10:43:49,419-INFO------------>开始执行测试案例:输入错误的用户名
test_login.py-[LineNo:49]-2022-04-21 10:43:49,425-INFO-返回结果:{"code": 1005, "msg": "用户名必须以字母开头，由字母和数字组成 6-8位的字符串"}
test_login.py-[LineNo:50]-2022-04-21 10:43:49,425-INFO-预期:{"code": 100, "msg": "用户名必须以字母开头，由字母和数字组成 6-8位的字符串"}
test_login.py-[LineNo:51]-2022-04-21 10:43:49,426-INFO-实际:{"code": 1005, "msg": "用户名必须以字母开头，由字母和数字组成 6-8位的字符串"}
test_login.py-[LineNo:60]-2022-04-21 10:43:49,426-ERROR-测试案例【1】实际结果与预期结果不一致
test_login.py-[LineNo:63]-2022-04-21 10:43:49,426-INFO-data=/['code']:预期值:100<class 'int'>,实际值:1005<class 'int'>
test_login.py-[LineNo:83]-2022-04-21 10:43:49,537-INFO------------>结束执行测试案例：【输入错误的用户名】
test_login.py-[LineNo:84]-2022-04-21 10:43:49,537-INFO-*************** 结束执行用例 ***************
test_login.py-[LineNo:29]-2022-04-21 10:43:49,556-INFO-详细参数为: 输入错误的密码
test_login.py-[LineNo:33]-2022-04-21 10:43:49,557-INFO-*************** 开始执行用例 ***************
test_login.py-[LineNo:34]-2022-04-21 10:43:49,557-INFO------------>开始执行测试案例:输入错误的密码
test_login.py-[LineNo:49]-2022-04-21 10:43:49,564-INFO-返回结果:{"code": 1006, "msg": "密码必须为7-11位字母和数字"}
test_login.py-[LineNo:50]-2022-04-21 10:43:49,564-INFO-预期:{"code": 1006, "msg": "密码必须为7-11位字母和数字"}
test_login.py-[LineNo:51]-2022-04-21 10:43:49,564-INFO-实际:{"code": 1006, "msg": "密码必须为7-11位字母和数字"}
test_login.py-[LineNo:83]-2022-04-21 10:43:49,566-INFO------------>结束执行测试案例：【输入错误的密码】
test_login.py-[LineNo:84]-2022-04-21 10:43:49,566-INFO-*************** 结束执行用例 ***************
test_login.py-[LineNo:29]-2022-04-21 10:43:49,571-INFO-详细参数为: 两次密码输入不一致
test_login.py-[LineNo:33]-2022-04-21 10:43:49,572-INFO-*************** 开始执行用例 ***************
test_login.py-[LineNo:34]-2022-04-21 10:43:49,572-INFO------------>开始执行测试案例:两次密码输入不一致
test_login.py-[LineNo:49]-2022-04-21 10:43:49,578-INFO-返回结果:{"code": 1006, "msg": "密码必须为7-11位字母和数字"}
test_login.py-[LineNo:50]-2022-04-21 10:43:49,578-INFO-预期:{"code": 1006, "msg": "密码必须为7-11位字母和数字"}
test_login.py-[LineNo:51]-2022-04-21 10:43:49,578-INFO-实际:{"code": 1006, "msg": "密码必须为7-11位字母和数字"}
test_login.py-[LineNo:83]-2022-04-21 10:43:49,579-INFO------------>结束执行测试案例：【两次密码输入不一致】
test_login.py-[LineNo:84]-2022-04-21 10:43:49,579-INFO-*************** 结束执行用例 ***************
test_login.py-[LineNo:28]-2022-04-21 10:47:25,231-INFO-详细参数为: 输入错误的用户名
test_login.py-[LineNo:32]-2022-04-21 10:47:25,234-INFO-*************** 开始执行用例 ***************
test_login.py-[LineNo:33]-2022-04-21 10:47:25,234-INFO------------>开始执行测试案例:输入错误的用户名
test_login.py-[LineNo:48]-2022-04-21 10:47:25,242-INFO-返回结果:{"code": 1005, "msg": "用户名必须以字母开头，由字母和数字组成 6-8位的字符串"}
test_login.py-[LineNo:49]-2022-04-21 10:47:25,242-INFO-预期:{"code": 100, "msg": "用户名必须以字母开头，由字母和数字组成 6-8位的字符串"}
test_login.py-[LineNo:50]-2022-04-21 10:47:25,242-INFO-实际:{"code": 1005, "msg": "用户名必须以字母开头，由字母和数字组成 6-8位的字符串"}
test_login.py-[LineNo:59]-2022-04-21 10:47:25,243-ERROR-测试案例【1】实际结果与预期结果不一致
test_login.py-[LineNo:62]-2022-04-21 10:47:25,243-INFO-data=/['code']:预期值:100<class 'int'>,实际值:1005<class 'int'>
test_login.py-[LineNo:82]-2022-04-21 10:47:25,337-INFO------------>结束执行测试案例：【输入错误的用户名】
test_login.py-[LineNo:83]-2022-04-21 10:47:25,337-INFO-*************** 结束执行用例 ***************
test_login.py-[LineNo:28]-2022-04-21 10:47:25,362-INFO-详细参数为: 输入错误的密码
test_login.py-[LineNo:32]-2022-04-21 10:47:25,362-INFO-*************** 开始执行用例 ***************
test_login.py-[LineNo:33]-2022-04-21 10:47:25,362-INFO------------>开始执行测试案例:输入错误的密码
test_login.py-[LineNo:48]-2022-04-21 10:47:25,368-INFO-返回结果:{"code": 1006, "msg": "密码必须为7-11位字母和数字"}
test_login.py-[LineNo:49]-2022-04-21 10:47:25,368-INFO-预期:{"code": 1006, "msg": "密码必须为7-11位字母和数字"}
test_login.py-[LineNo:50]-2022-04-21 10:47:25,368-INFO-实际:{"code": 1006, "msg": "密码必须为7-11位字母和数字"}
test_login.py-[LineNo:82]-2022-04-21 10:47:25,370-INFO------------>结束执行测试案例：【输入错误的密码】
test_login.py-[LineNo:83]-2022-04-21 10:47:25,370-INFO-*************** 结束执行用例 ***************
test_login.py-[LineNo:28]-2022-04-21 10:47:25,375-INFO-详细参数为: 两次密码输入不一致
test_login.py-[LineNo:32]-2022-04-21 10:47:25,377-INFO-*************** 开始执行用例 ***************
test_login.py-[LineNo:33]-2022-04-21 10:47:25,377-INFO------------>开始执行测试案例:两次密码输入不一致
test_login.py-[LineNo:48]-2022-04-21 10:47:25,381-INFO-返回结果:{"code": 1006, "msg": "密码必须为7-11位字母和数字"}
test_login.py-[LineNo:49]-2022-04-21 10:47:25,381-INFO-预期:{"code": 1006, "msg": "密码必须为7-11位字母和数字"}
test_login.py-[LineNo:50]-2022-04-21 10:47:25,381-INFO-实际:{"code": 1006, "msg": "密码必须为7-11位字母和数字"}
test_login.py-[LineNo:82]-2022-04-21 10:47:25,382-INFO------------>结束执行测试案例：【两次密码输入不一致】
test_login.py-[LineNo:83]-2022-04-21 10:47:25,382-INFO-*************** 结束执行用例 ***************
test_login.py-[LineNo:28]-2022-04-21 10:48:21,349-INFO-详细参数为: 输入错误的用户名
test_login.py-[LineNo:32]-2022-04-21 10:48:21,355-INFO-*************** 开始执行用例 ***************
test_login.py-[LineNo:33]-2022-04-21 10:48:21,355-INFO------------>开始执行测试案例:输入错误的用户名
test_login.py-[LineNo:48]-2022-04-21 10:48:21,364-INFO-返回结果:{"code": 1005, "msg": "用户名必须以字母开头，由字母和数字组成 6-8位的字符串"}
test_login.py-[LineNo:49]-2022-04-21 10:48:21,364-INFO-预期:{"code": 100, "msg": "用户名必须以字母开头，由字母和数字组成 6-8位的字符串"}
test_login.py-[LineNo:50]-2022-04-21 10:48:21,364-INFO-实际:{"code": 1005, "msg": "用户名必须以字母开头，由字母和数字组成 6-8位的字符串"}
test_login.py-[LineNo:59]-2022-04-21 10:48:21,365-ERROR-测试案例【1】实际结果与预期结果不一致
test_login.py-[LineNo:62]-2022-04-21 10:48:21,365-INFO-data=/['code']:预期值:100<class 'int'>,实际值:1005<class 'int'>
test_login.py-[LineNo:82]-2022-04-21 10:48:21,460-INFO------------>结束执行测试案例：【输入错误的用户名】
test_login.py-[LineNo:83]-2022-04-21 10:48:21,460-INFO-*************** 结束执行用例 ***************
test_login.py-[LineNo:28]-2022-04-21 10:48:21,481-INFO-详细参数为: 输入错误的密码
test_login.py-[LineNo:32]-2022-04-21 10:48:21,482-INFO-*************** 开始执行用例 ***************
test_login.py-[LineNo:33]-2022-04-21 10:48:21,482-INFO------------>开始执行测试案例:输入错误的密码
test_login.py-[LineNo:48]-2022-04-21 10:48:21,483-INFO-返回结果:{"code": 1006, "msg": "密码必须为7-11位字母和数字"}
test_login.py-[LineNo:49]-2022-04-21 10:48:21,483-INFO-预期:{"code": 1006, "msg": "密码必须为7-11位字母和数字"}
test_login.py-[LineNo:50]-2022-04-21 10:48:21,483-INFO-实际:{"code": 1006, "msg": "密码必须为7-11位字母和数字"}
test_login.py-[LineNo:82]-2022-04-21 10:48:21,490-INFO------------>结束执行测试案例：【输入错误的密码】
test_login.py-[LineNo:83]-2022-04-21 10:48:21,490-INFO-*************** 结束执行用例 ***************
test_login.py-[LineNo:28]-2022-04-21 10:48:21,495-INFO-详细参数为: 两次密码输入不一致
test_login.py-[LineNo:32]-2022-04-21 10:48:21,497-INFO-*************** 开始执行用例 ***************
test_login.py-[LineNo:33]-2022-04-21 10:48:21,497-INFO------------>开始执行测试案例:两次密码输入不一致
test_login.py-[LineNo:48]-2022-04-21 10:48:21,497-INFO-返回结果:{"code": 1006, "msg": "密码必须为7-11位字母和数字"}
test_login.py-[LineNo:49]-2022-04-21 10:48:21,497-INFO-预期:{"code": 1006, "msg": "密码必须为7-11位字母和数字"}
test_login.py-[LineNo:50]-2022-04-21 10:48:21,497-INFO-实际:{"code": 1006, "msg": "密码必须为7-11位字母和数字"}
test_login.py-[LineNo:82]-2022-04-21 10:48:21,503-INFO------------>结束执行测试案例：【两次密码输入不一致】
test_login.py-[LineNo:83]-2022-04-21 10:48:21,503-INFO-*************** 结束执行用例 ***************
test_login.py-[LineNo:28]-2022-04-21 10:59:50,449-INFO-详细参数为: 输入错误的用户名
test_login.py-[LineNo:32]-2022-04-21 10:59:50,449-INFO-*************** 开始执行用例 ***************
test_login.py-[LineNo:33]-2022-04-21 10:59:50,449-INFO------------>开始执行测试案例:输入错误的用户名
test_login.py-[LineNo:48]-2022-04-21 10:59:50,464-INFO-返回结果:{"code": 1005, "msg": "用户名必须以字母开头，由字母和数字组成 6-8位的字符串"}
test_login.py-[LineNo:49]-2022-04-21 10:59:50,464-INFO-预期:{"code": 100, "msg": "用户名必须以字母开头，由字母和数字组成 6-8位的字符串"}
test_login.py-[LineNo:50]-2022-04-21 10:59:50,464-INFO-实际:{"code": 1005, "msg": "用户名必须以字母开头，由字母和数字组成 6-8位的字符串"}
test_login.py-[LineNo:59]-2022-04-21 10:59:50,464-ERROR-测试案例【1】实际结果与预期结果不一致
test_login.py-[LineNo:62]-2022-04-21 10:59:50,464-INFO-data=/['code']:预期值:100<class 'int'>,实际值:1005<class 'int'>
test_login.py-[LineNo:82]-2022-04-21 10:59:50,527-INFO------------>结束执行测试案例：【输入错误的用户名】
test_login.py-[LineNo:83]-2022-04-21 10:59:50,527-INFO-*************** 结束执行用例 ***************
test_login.py-[LineNo:28]-2022-04-21 10:59:50,543-INFO-详细参数为: 输入错误的密码
test_login.py-[LineNo:32]-2022-04-21 10:59:50,543-INFO-*************** 开始执行用例 ***************
test_login.py-[LineNo:33]-2022-04-21 10:59:50,543-INFO------------>开始执行测试案例:输入错误的密码
test_login.py-[LineNo:48]-2022-04-21 10:59:50,543-INFO-返回结果:{"code": 1006, "msg": "密码必须为7-11位字母和数字"}
test_login.py-[LineNo:49]-2022-04-21 10:59:50,543-INFO-预期:{"code": 1006, "msg": "密码必须为7-11位字母和数字"}
test_login.py-[LineNo:50]-2022-04-21 10:59:50,543-INFO-实际:{"code": 1006, "msg": "密码必须为7-11位字母和数字"}
test_login.py-[LineNo:82]-2022-04-21 10:59:50,557-INFO------------>结束执行测试案例：【输入错误的密码】
test_login.py-[LineNo:83]-2022-04-21 10:59:50,557-INFO-*************** 结束执行用例 ***************
test_login.py-[LineNo:28]-2022-04-21 10:59:50,557-INFO-详细参数为: 两次密码输入不一致
test_login.py-[LineNo:32]-2022-04-21 10:59:50,557-INFO-*************** 开始执行用例 ***************
test_login.py-[LineNo:33]-2022-04-21 10:59:50,557-INFO------------>开始执行测试案例:两次密码输入不一致
test_login.py-[LineNo:48]-2022-04-21 10:59:50,557-INFO-返回结果:{"code": 1006, "msg": "密码必须为7-11位字母和数字"}
test_login.py-[LineNo:49]-2022-04-21 10:59:50,557-INFO-预期:{"code": 1006, "msg": "密码必须为7-11位字母和数字"}
test_login.py-[LineNo:50]-2022-04-21 10:59:50,557-INFO-实际:{"code": 1006, "msg": "密码必须为7-11位字母和数字"}
test_login.py-[LineNo:82]-2022-04-21 10:59:50,568-INFO------------>结束执行测试案例：【两次密码输入不一致】
test_login.py-[LineNo:83]-2022-04-21 10:59:50,568-INFO-*************** 结束执行用例 ***************
test_login.py-[LineNo:28]-2022-04-21 10:59:50,568-INFO-详细参数为: 确认密码输入为空
test_login.py-[LineNo:32]-2022-04-21 10:59:50,568-INFO-*************** 开始执行用例 ***************
test_login.py-[LineNo:33]-2022-04-21 10:59:50,568-INFO------------>开始执行测试案例:确认密码输入为空
test_login.py-[LineNo:48]-2022-04-21 10:59:50,568-INFO-返回结果:{"code": 1004, "msg": "重复密码不能为空"}
test_login.py-[LineNo:49]-2022-04-21 10:59:50,568-INFO-预期:{"code": 1005, "msg": "重复密码不能为空"}
test_login.py-[LineNo:50]-2022-04-21 10:59:50,568-INFO-实际:{"code": 1004, "msg": "重复密码不能为空"}
test_login.py-[LineNo:59]-2022-04-21 10:59:50,568-ERROR-测试案例【4】实际结果与预期结果不一致
test_login.py-[LineNo:62]-2022-04-21 10:59:50,568-INFO-data=/['code']:预期值:1005<class 'int'>,实际值:1004<class 'int'>
test_login.py-[LineNo:82]-2022-04-21 10:59:50,584-INFO------------>结束执行测试案例：【确认密码输入为空】
test_login.py-[LineNo:83]-2022-04-21 10:59:50,584-INFO-*************** 结束执行用例 ***************
test_login.py-[LineNo:28]-2022-04-21 11:01:24,315-INFO-详细参数为: 输入错误的用户名
test_login.py-[LineNo:32]-2022-04-21 11:01:24,315-INFO-*************** 开始执行用例 ***************
test_login.py-[LineNo:33]-2022-04-21 11:01:24,315-INFO------------>开始执行测试案例:输入错误的用户名
test_login.py-[LineNo:48]-2022-04-21 11:01:24,331-INFO-返回结果:{"code": 1005, "msg": "用户名必须以字母开头，由字母和数字组成 6-8位的字符串"}
test_login.py-[LineNo:49]-2022-04-21 11:01:24,331-INFO-预期:{"code": 100, "msg": "用户名必须以字母开头，由字母和数字组成 6-8位的字符串"}
test_login.py-[LineNo:50]-2022-04-21 11:01:24,331-INFO-实际:{"code": 1005, "msg": "用户名必须以字母开头，由字母和数字组成 6-8位的字符串"}
test_login.py-[LineNo:59]-2022-04-21 11:01:24,336-ERROR-测试案例【1】实际结果与预期结果不一致
test_login.py-[LineNo:62]-2022-04-21 11:01:24,336-INFO-data=/['code']:预期值:100<class 'int'>,实际值:1005<class 'int'>
test_login.py-[LineNo:82]-2022-04-21 11:01:24,405-INFO------------>结束执行测试案例：【输入错误的用户名】
test_login.py-[LineNo:83]-2022-04-21 11:01:24,405-INFO-*************** 结束执行用例 ***************
test_login.py-[LineNo:28]-2022-04-21 11:01:24,420-INFO-详细参数为: 输入错误的密码
test_login.py-[LineNo:32]-2022-04-21 11:01:24,420-INFO-*************** 开始执行用例 ***************
test_login.py-[LineNo:33]-2022-04-21 11:01:24,420-INFO------------>开始执行测试案例:输入错误的密码
test_login.py-[LineNo:48]-2022-04-21 11:01:24,436-INFO-返回结果:{"code": 1006, "msg": "密码必须为7-11位字母和数字"}
test_login.py-[LineNo:49]-2022-04-21 11:01:24,436-INFO-预期:{"code": 1006, "msg": "密码必须为7-11位字母和数字"}
test_login.py-[LineNo:50]-2022-04-21 11:01:24,436-INFO-实际:{"code": 1006, "msg": "密码必须为7-11位字母和数字"}
test_login.py-[LineNo:82]-2022-04-21 11:01:24,436-INFO------------>结束执行测试案例：【输入错误的密码】
test_login.py-[LineNo:83]-2022-04-21 11:01:24,436-INFO-*************** 结束执行用例 ***************
test_login.py-[LineNo:28]-2022-04-21 11:01:24,436-INFO-详细参数为: 两次密码输入不一致
test_login.py-[LineNo:32]-2022-04-21 11:01:24,436-INFO-*************** 开始执行用例 ***************
test_login.py-[LineNo:33]-2022-04-21 11:01:24,436-INFO------------>开始执行测试案例:两次密码输入不一致
test_login.py-[LineNo:48]-2022-04-21 11:01:24,436-INFO-返回结果:{"code": 1006, "msg": "密码必须为7-11位字母和数字"}
test_login.py-[LineNo:49]-2022-04-21 11:01:24,436-INFO-预期:{"code": 1006, "msg": "密码必须为7-11位字母和数字"}
test_login.py-[LineNo:50]-2022-04-21 11:01:24,436-INFO-实际:{"code": 1006, "msg": "密码必须为7-11位字母和数字"}
test_login.py-[LineNo:82]-2022-04-21 11:01:24,436-INFO------------>结束执行测试案例：【两次密码输入不一致】
test_login.py-[LineNo:83]-2022-04-21 11:01:24,436-INFO-*************** 结束执行用例 ***************
test_login.py-[LineNo:28]-2022-04-21 11:01:24,451-INFO-详细参数为: 确认密码输入为空
test_login.py-[LineNo:32]-2022-04-21 11:01:24,451-INFO-*************** 开始执行用例 ***************
test_login.py-[LineNo:33]-2022-04-21 11:01:24,451-INFO------------>开始执行测试案例:确认密码输入为空
test_login.py-[LineNo:48]-2022-04-21 11:01:24,451-INFO-返回结果:{"code": 1004, "msg": "重复密码不能为空"}
test_login.py-[LineNo:49]-2022-04-21 11:01:24,451-INFO-预期:{"code": 1005, "msg": "重复密码不能为空"}
test_login.py-[LineNo:50]-2022-04-21 11:01:24,451-INFO-实际:{"code": 1004, "msg": "重复密码不能为空"}
test_login.py-[LineNo:59]-2022-04-21 11:01:24,451-ERROR-测试案例【4】实际结果与预期结果不一致
test_login.py-[LineNo:62]-2022-04-21 11:01:24,451-INFO-data=/['code']:预期值:1005<class 'int'>,实际值:1004<class 'int'>
test_login.py-[LineNo:82]-2022-04-21 11:01:24,451-INFO------------>结束执行测试案例：【确认密码输入为空】
test_login.py-[LineNo:83]-2022-04-21 11:01:24,451-INFO-*************** 结束执行用例 ***************
test_login.py-[LineNo:28]-2022-04-21 11:02:03,081-INFO-详细参数为: 输入错误的用户名
test_login.py-[LineNo:32]-2022-04-21 11:02:03,081-INFO-*************** 开始执行用例 ***************
test_login.py-[LineNo:33]-2022-04-21 11:02:03,081-INFO------------>开始执行测试案例:输入错误的用户名
test_login.py-[LineNo:48]-2022-04-21 11:02:03,088-INFO-返回结果:{"code": 1005, "msg": "用户名必须以字母开头，由字母和数字组成 6-8位的字符串"}
test_login.py-[LineNo:49]-2022-04-21 11:02:03,088-INFO-预期:{"code": 100, "msg": "用户名必须以字母开头，由字母和数字组成 6-8位的字符串"}
test_login.py-[LineNo:50]-2022-04-21 11:02:03,088-INFO-实际:{"code": 1005, "msg": "用户名必须以字母开头，由字母和数字组成 6-8位的字符串"}
test_login.py-[LineNo:59]-2022-04-21 11:02:03,090-ERROR-测试案例【1】实际结果与预期结果不一致
test_login.py-[LineNo:62]-2022-04-21 11:02:03,090-INFO-data=/['code']:预期值:100<class 'int'>,实际值:1005<class 'int'>
test_login.py-[LineNo:82]-2022-04-21 11:02:03,153-INFO------------>结束执行测试案例：【输入错误的用户名】
test_login.py-[LineNo:83]-2022-04-21 11:02:03,153-INFO-*************** 结束执行用例 ***************
test_login.py-[LineNo:28]-2022-04-21 11:02:03,169-INFO-详细参数为: 输入错误的密码
test_login.py-[LineNo:32]-2022-04-21 11:02:03,169-INFO-*************** 开始执行用例 ***************
test_login.py-[LineNo:33]-2022-04-21 11:02:03,169-INFO------------>开始执行测试案例:输入错误的密码
test_login.py-[LineNo:48]-2022-04-21 11:02:03,185-INFO-返回结果:{"code": 1006, "msg": "密码必须为7-11位字母和数字"}
test_login.py-[LineNo:49]-2022-04-21 11:02:03,185-INFO-预期:{"code": 1006, "msg": "密码必须为7-11位字母和数字"}
test_login.py-[LineNo:50]-2022-04-21 11:02:03,185-INFO-实际:{"code": 1006, "msg": "密码必须为7-11位字母和数字"}
test_login.py-[LineNo:82]-2022-04-21 11:02:03,185-INFO------------>结束执行测试案例：【输入错误的密码】
test_login.py-[LineNo:83]-2022-04-21 11:02:03,185-INFO-*************** 结束执行用例 ***************
test_login.py-[LineNo:28]-2022-04-21 11:02:03,185-INFO-详细参数为: 两次密码输入不一致
test_login.py-[LineNo:32]-2022-04-21 11:02:03,185-INFO-*************** 开始执行用例 ***************
test_login.py-[LineNo:33]-2022-04-21 11:02:03,185-INFO------------>开始执行测试案例:两次密码输入不一致
test_login.py-[LineNo:48]-2022-04-21 11:02:03,185-INFO-返回结果:{"code": 1006, "msg": "密码必须为7-11位字母和数字"}
test_login.py-[LineNo:49]-2022-04-21 11:02:03,185-INFO-预期:{"code": 1006, "msg": "密码必须为7-11位字母和数字"}
test_login.py-[LineNo:50]-2022-04-21 11:02:03,185-INFO-实际:{"code": 1006, "msg": "密码必须为7-11位字母和数字"}
test_login.py-[LineNo:82]-2022-04-21 11:02:03,185-INFO------------>结束执行测试案例：【两次密码输入不一致】
test_login.py-[LineNo:83]-2022-04-21 11:02:03,185-INFO-*************** 结束执行用例 ***************
test_login.py-[LineNo:28]-2022-04-21 11:02:03,202-INFO-详细参数为: 确认密码输入为空
test_login.py-[LineNo:32]-2022-04-21 11:02:03,202-INFO-*************** 开始执行用例 ***************
test_login.py-[LineNo:33]-2022-04-21 11:02:03,202-INFO------------>开始执行测试案例:确认密码输入为空
test_login.py-[LineNo:48]-2022-04-21 11:02:03,202-INFO-返回结果:{"code": 1004, "msg": "重复密码不能为空"}
test_login.py-[LineNo:49]-2022-04-21 11:02:03,202-INFO-预期:{"code": 1005, "msg": "重复密码不能为空"}
test_login.py-[LineNo:50]-2022-04-21 11:02:03,202-INFO-实际:{"code": 1004, "msg": "重复密码不能为空"}
test_login.py-[LineNo:59]-2022-04-21 11:02:03,202-ERROR-测试案例【4】实际结果与预期结果不一致
test_login.py-[LineNo:62]-2022-04-21 11:02:03,202-INFO-data=/['code']:预期值:1005<class 'int'>,实际值:1004<class 'int'>
test_login.py-[LineNo:82]-2022-04-21 11:02:03,202-INFO------------>结束执行测试案例：【确认密码输入为空】
test_login.py-[LineNo:83]-2022-04-21 11:02:03,202-INFO-*************** 结束执行用例 ***************
test_login.py-[LineNo:28]-2022-04-21 11:03:14,539-INFO-详细参数为: 输入错误的用户名
test_login.py-[LineNo:32]-2022-04-21 11:03:14,539-INFO-*************** 开始执行用例 ***************
test_login.py-[LineNo:33]-2022-04-21 11:03:14,539-INFO------------>开始执行测试案例:输入错误的用户名
test_login.py-[LineNo:48]-2022-04-21 11:03:14,556-INFO-返回结果:{"code": 1005, "msg": "用户名必须以字母开头，由字母和数字组成 6-8位的字符串"}
test_login.py-[LineNo:49]-2022-04-21 11:03:14,556-INFO-预期:{"code": 100, "msg": "用户名必须以字母开头，由字母和数字组成 6-8位的字符串"}
test_login.py-[LineNo:50]-2022-04-21 11:03:14,556-INFO-实际:{"code": 1005, "msg": "用户名必须以字母开头，由字母和数字组成 6-8位的字符串"}
test_login.py-[LineNo:59]-2022-04-21 11:03:14,556-ERROR-测试案例【1】实际结果与预期结果不一致
test_login.py-[LineNo:62]-2022-04-21 11:03:14,556-INFO-data=/['code']:预期值:100<class 'int'>,实际值:1005<class 'int'>
test_login.py-[LineNo:82]-2022-04-21 11:03:14,634-INFO------------>结束执行测试案例：【输入错误的用户名】
test_login.py-[LineNo:83]-2022-04-21 11:03:14,634-INFO-*************** 结束执行用例 ***************
test_login.py-[LineNo:28]-2022-04-21 11:03:14,650-INFO-详细参数为: 输入错误的密码
test_login.py-[LineNo:32]-2022-04-21 11:03:14,650-INFO-*************** 开始执行用例 ***************
test_login.py-[LineNo:33]-2022-04-21 11:03:14,650-INFO------------>开始执行测试案例:输入错误的密码
test_login.py-[LineNo:48]-2022-04-21 11:03:14,650-INFO-返回结果:{"code": 1006, "msg": "密码必须为7-11位字母和数字"}
test_login.py-[LineNo:49]-2022-04-21 11:03:14,650-INFO-预期:{"code": 1006, "msg": "密码必须为7-11位字母和数字"}
test_login.py-[LineNo:50]-2022-04-21 11:03:14,650-INFO-实际:{"code": 1006, "msg": "密码必须为7-11位字母和数字"}
test_login.py-[LineNo:82]-2022-04-21 11:03:14,650-INFO------------>结束执行测试案例：【输入错误的密码】
test_login.py-[LineNo:83]-2022-04-21 11:03:14,650-INFO-*************** 结束执行用例 ***************
test_login.py-[LineNo:28]-2022-04-21 11:03:14,650-INFO-详细参数为: 两次密码输入不一致
test_login.py-[LineNo:32]-2022-04-21 11:03:14,650-INFO-*************** 开始执行用例 ***************
test_login.py-[LineNo:33]-2022-04-21 11:03:14,650-INFO------------>开始执行测试案例:两次密码输入不一致
test_login.py-[LineNo:48]-2022-04-21 11:03:14,666-INFO-返回结果:{"code": 1006, "msg": "密码必须为7-11位字母和数字"}
test_login.py-[LineNo:49]-2022-04-21 11:03:14,666-INFO-预期:{"code": 1006, "msg": "密码必须为7-11位字母和数字"}
test_login.py-[LineNo:50]-2022-04-21 11:03:14,666-INFO-实际:{"code": 1006, "msg": "密码必须为7-11位字母和数字"}
test_login.py-[LineNo:82]-2022-04-21 11:03:14,666-INFO------------>结束执行测试案例：【两次密码输入不一致】
test_login.py-[LineNo:83]-2022-04-21 11:03:14,666-INFO-*************** 结束执行用例 ***************
test_login.py-[LineNo:28]-2022-04-21 11:03:14,666-INFO-详细参数为: 确认密码输入为空
test_login.py-[LineNo:32]-2022-04-21 11:03:14,666-INFO-*************** 开始执行用例 ***************
test_login.py-[LineNo:33]-2022-04-21 11:03:14,666-INFO------------>开始执行测试案例:确认密码输入为空
test_login.py-[LineNo:48]-2022-04-21 11:03:14,666-INFO-返回结果:{"code": 1004, "msg": "重复密码不能为空"}
test_login.py-[LineNo:49]-2022-04-21 11:03:14,666-INFO-预期:{"code": 1005, "msg": "重复密码不能为空"}
test_login.py-[LineNo:50]-2022-04-21 11:03:14,666-INFO-实际:{"code": 1004, "msg": "重复密码不能为空"}
test_login.py-[LineNo:59]-2022-04-21 11:03:14,666-ERROR-测试案例【4】实际结果与预期结果不一致
test_login.py-[LineNo:62]-2022-04-21 11:03:14,666-INFO-data=/['code']:预期值:1005<class 'int'>,实际值:1004<class 'int'>
test_login.py-[LineNo:82]-2022-04-21 11:03:14,681-INFO------------>结束执行测试案例：【确认密码输入为空】
test_login.py-[LineNo:83]-2022-04-21 11:03:14,681-INFO-*************** 结束执行用例 ***************
test_login.py-[LineNo:28]-2022-04-21 11:04:26,066-INFO-详细参数为: 输入错误的用户名
test_login.py-[LineNo:32]-2022-04-21 11:04:26,066-INFO-*************** 开始执行用例 ***************
test_login.py-[LineNo:33]-2022-04-21 11:04:26,066-INFO------------>开始执行测试案例:输入错误的用户名
test_login.py-[LineNo:48]-2022-04-21 11:04:26,080-INFO-返回结果:{"code": 1005, "msg": "用户名必须以字母开头，由字母和数字组成 6-8位的字符串"}
test_login.py-[LineNo:49]-2022-04-21 11:04:26,080-INFO-预期:{"code": 100, "msg": "用户名必须以字母开头，由字母和数字组成 6-8位的字符串"}
test_login.py-[LineNo:50]-2022-04-21 11:04:26,080-INFO-实际:{"code": 1005, "msg": "用户名必须以字母开头，由字母和数字组成 6-8位的字符串"}
test_login.py-[LineNo:59]-2022-04-21 11:04:26,087-ERROR-测试案例【1】实际结果与预期结果不一致
test_login.py-[LineNo:62]-2022-04-21 11:04:26,087-INFO-data=/['code']:预期值:100<class 'int'>,实际值:1005<class 'int'>
test_login.py-[LineNo:82]-2022-04-21 11:04:26,159-INFO------------>结束执行测试案例：【输入错误的用户名】
test_login.py-[LineNo:83]-2022-04-21 11:04:26,159-INFO-*************** 结束执行用例 ***************
test_login.py-[LineNo:28]-2022-04-21 11:04:26,159-INFO-详细参数为: 输入错误的密码
test_login.py-[LineNo:32]-2022-04-21 11:04:26,174-INFO-*************** 开始执行用例 ***************
test_login.py-[LineNo:33]-2022-04-21 11:04:26,174-INFO------------>开始执行测试案例:输入错误的密码
test_login.py-[LineNo:48]-2022-04-21 11:04:26,174-INFO-返回结果:{"code": 1006, "msg": "密码必须为7-11位字母和数字"}
test_login.py-[LineNo:49]-2022-04-21 11:04:26,174-INFO-预期:{"code": 1006, "msg": "密码必须为7-11位字母和数字"}
test_login.py-[LineNo:50]-2022-04-21 11:04:26,174-INFO-实际:{"code": 1006, "msg": "密码必须为7-11位字母和数字"}
test_login.py-[LineNo:82]-2022-04-21 11:04:26,174-INFO------------>结束执行测试案例：【输入错误的密码】
test_login.py-[LineNo:83]-2022-04-21 11:04:26,174-INFO-*************** 结束执行用例 ***************
test_login.py-[LineNo:28]-2022-04-21 11:04:26,174-INFO-详细参数为: 两次密码输入不一致
test_login.py-[LineNo:32]-2022-04-21 11:04:26,174-INFO-*************** 开始执行用例 ***************
test_login.py-[LineNo:33]-2022-04-21 11:04:26,174-INFO------------>开始执行测试案例:两次密码输入不一致
test_login.py-[LineNo:48]-2022-04-21 11:04:26,191-INFO-返回结果:{"code": 1006, "msg": "密码必须为7-11位字母和数字"}
test_login.py-[LineNo:49]-2022-04-21 11:04:26,191-INFO-预期:{"code": 1006, "msg": "密码必须为7-11位字母和数字"}
test_login.py-[LineNo:50]-2022-04-21 11:04:26,191-INFO-实际:{"code": 1006, "msg": "密码必须为7-11位字母和数字"}
test_login.py-[LineNo:82]-2022-04-21 11:04:26,191-INFO------------>结束执行测试案例：【两次密码输入不一致】
test_login.py-[LineNo:83]-2022-04-21 11:04:26,191-INFO-*************** 结束执行用例 ***************
test_login.py-[LineNo:28]-2022-04-21 11:04:26,191-INFO-详细参数为: 确认密码输入为空
test_login.py-[LineNo:32]-2022-04-21 11:04:26,191-INFO-*************** 开始执行用例 ***************
test_login.py-[LineNo:33]-2022-04-21 11:04:26,191-INFO------------>开始执行测试案例:确认密码输入为空
test_login.py-[LineNo:48]-2022-04-21 11:04:26,191-INFO-返回结果:{"code": 1004, "msg": "重复密码不能为空"}
test_login.py-[LineNo:49]-2022-04-21 11:04:26,191-INFO-预期:{"code": 1005, "msg": "重复密码不能为空"}
test_login.py-[LineNo:50]-2022-04-21 11:04:26,191-INFO-实际:{"code": 1004, "msg": "重复密码不能为空"}
test_login.py-[LineNo:59]-2022-04-21 11:04:26,191-ERROR-测试案例【4】实际结果与预期结果不一致
test_login.py-[LineNo:62]-2022-04-21 11:04:26,191-INFO-data=/['code']:预期值:1005<class 'int'>,实际值:1004<class 'int'>
test_login.py-[LineNo:82]-2022-04-21 11:04:26,206-INFO------------>结束执行测试案例：【确认密码输入为空】
test_login.py-[LineNo:83]-2022-04-21 11:04:26,206-INFO-*************** 结束执行用例 ***************
test_login.py-[LineNo:28]-2022-04-21 11:05:03,813-INFO-详细参数为: 输入错误的用户名
test_login.py-[LineNo:32]-2022-04-21 11:05:03,813-INFO-*************** 开始执行用例 ***************
test_login.py-[LineNo:33]-2022-04-21 11:05:03,813-INFO------------>开始执行测试案例:输入错误的用户名
test_login.py-[LineNo:48]-2022-04-21 11:05:03,813-INFO-返回结果:{"code": 1005, "msg": "用户名必须以字母开头，由字母和数字组成 6-8位的字符串"}
test_login.py-[LineNo:49]-2022-04-21 11:05:03,813-INFO-预期:{"code": 100, "msg": "用户名必须以字母开头，由字母和数字组成 6-8位的字符串"}
test_login.py-[LineNo:50]-2022-04-21 11:05:03,813-INFO-实际:{"code": 1005, "msg": "用户名必须以字母开头，由字母和数字组成 6-8位的字符串"}
test_login.py-[LineNo:59]-2022-04-21 11:05:03,813-ERROR-测试案例【1】实际结果与预期结果不一致
test_login.py-[LineNo:62]-2022-04-21 11:05:03,829-INFO-data=/['code']:预期值:100<class 'int'>,实际值:1005<class 'int'>
test_login.py-[LineNo:82]-2022-04-21 11:05:03,892-INFO------------>结束执行测试案例：【输入错误的用户名】
test_login.py-[LineNo:83]-2022-04-21 11:05:03,892-INFO-*************** 结束执行用例 ***************
test_login.py-[LineNo:28]-2022-04-21 11:05:03,908-INFO-详细参数为: 输入错误的密码
test_login.py-[LineNo:32]-2022-04-21 11:05:03,908-INFO-*************** 开始执行用例 ***************
test_login.py-[LineNo:33]-2022-04-21 11:05:03,908-INFO------------>开始执行测试案例:输入错误的密码
test_login.py-[LineNo:48]-2022-04-21 11:05:03,923-INFO-返回结果:{"code": 1006, "msg": "密码必须为7-11位字母和数字"}
test_login.py-[LineNo:49]-2022-04-21 11:05:03,923-INFO-预期:{"code": 1006, "msg": "密码必须为7-11位字母和数字"}
test_login.py-[LineNo:50]-2022-04-21 11:05:03,923-INFO-实际:{"code": 1006, "msg": "密码必须为7-11位字母和数字"}
test_login.py-[LineNo:82]-2022-04-21 11:05:03,923-INFO------------>结束执行测试案例：【输入错误的密码】
test_login.py-[LineNo:83]-2022-04-21 11:05:03,923-INFO-*************** 结束执行用例 ***************
test_login.py-[LineNo:28]-2022-04-21 11:05:03,923-INFO-详细参数为: 两次密码输入不一致
test_login.py-[LineNo:32]-2022-04-21 11:05:03,923-INFO-*************** 开始执行用例 ***************
test_login.py-[LineNo:33]-2022-04-21 11:05:03,923-INFO------------>开始执行测试案例:两次密码输入不一致
test_login.py-[LineNo:48]-2022-04-21 11:05:03,923-INFO-返回结果:{"code": 1006, "msg": "密码必须为7-11位字母和数字"}
test_login.py-[LineNo:49]-2022-04-21 11:05:03,923-INFO-预期:{"code": 1006, "msg": "密码必须为7-11位字母和数字"}
test_login.py-[LineNo:50]-2022-04-21 11:05:03,923-INFO-实际:{"code": 1006, "msg": "密码必须为7-11位字母和数字"}
test_login.py-[LineNo:82]-2022-04-21 11:05:03,923-INFO------------>结束执行测试案例：【两次密码输入不一致】
test_login.py-[LineNo:83]-2022-04-21 11:05:03,923-INFO-*************** 结束执行用例 ***************
test_login.py-[LineNo:28]-2022-04-21 11:05:03,939-INFO-详细参数为: 确认密码输入为空
test_login.py-[LineNo:32]-2022-04-21 11:05:03,939-INFO-*************** 开始执行用例 ***************
test_login.py-[LineNo:33]-2022-04-21 11:05:03,939-INFO------------>开始执行测试案例:确认密码输入为空
test_login.py-[LineNo:48]-2022-04-21 11:05:03,939-INFO-返回结果:{"code": 1004, "msg": "重复密码不能为空"}
test_login.py-[LineNo:49]-2022-04-21 11:05:03,939-INFO-预期:{"code": 1005, "msg": "重复密码不能为空"}
test_login.py-[LineNo:50]-2022-04-21 11:05:03,939-INFO-实际:{"code": 1004, "msg": "重复密码不能为空"}
test_login.py-[LineNo:59]-2022-04-21 11:05:03,939-ERROR-测试案例【4】实际结果与预期结果不一致
test_login.py-[LineNo:62]-2022-04-21 11:05:03,939-INFO-data=/['code']:预期值:1005<class 'int'>,实际值:1004<class 'int'>
test_login.py-[LineNo:82]-2022-04-21 11:05:03,939-INFO------------>结束执行测试案例：【确认密码输入为空】
test_login.py-[LineNo:83]-2022-04-21 11:05:03,939-INFO-*************** 结束执行用例 ***************
test_login.py-[LineNo:29]-2022-04-21 11:21:10,137-INFO-详细参数为: 输入错误的用户名
test_login.py-[LineNo:33]-2022-04-21 11:21:10,137-INFO-*************** 开始执行用例 ***************
test_login.py-[LineNo:34]-2022-04-21 11:21:10,137-INFO------------>开始执行测试案例:输入错误的用户名
test_login.py-[LineNo:49]-2022-04-21 11:21:10,154-INFO-返回结果:{"code": 1005, "msg": "用户名必须以字母开头，由字母和数字组成 6-8位的字符串"}
test_login.py-[LineNo:50]-2022-04-21 11:21:10,154-INFO-预期:{"code": 100, "msg": "用户名必须以字母开头，由字母和数字组成 6-8位的字符串"}
test_login.py-[LineNo:51]-2022-04-21 11:21:10,154-INFO-实际:{"code": 1005, "msg": "用户名必须以字母开头，由字母和数字组成 6-8位的字符串"}
test_login.py-[LineNo:60]-2022-04-21 11:21:10,154-ERROR-测试案例【1】实际结果与预期结果不一致
test_login.py-[LineNo:63]-2022-04-21 11:21:10,154-INFO-data=/['code']:预期值:100<class 'int'>,实际值:1005<class 'int'>
test_login.py-[LineNo:83]-2022-04-21 11:21:10,233-INFO------------>结束执行测试案例：【输入错误的用户名】
test_login.py-[LineNo:84]-2022-04-21 11:21:10,233-INFO-*************** 结束执行用例 ***************
test_login.py-[LineNo:29]-2022-04-21 11:21:10,249-INFO-详细参数为: 输入错误的密码
test_login.py-[LineNo:33]-2022-04-21 11:21:10,249-INFO-*************** 开始执行用例 ***************
test_login.py-[LineNo:34]-2022-04-21 11:21:10,249-INFO------------>开始执行测试案例:输入错误的密码
test_login.py-[LineNo:49]-2022-04-21 11:21:10,265-INFO-返回结果:{"code": 1006, "msg": "密码必须为7-11位字母和数字"}
test_login.py-[LineNo:50]-2022-04-21 11:21:10,265-INFO-预期:{"code": 1006, "msg": "密码必须为7-11位字母和数字"}
test_login.py-[LineNo:51]-2022-04-21 11:21:10,265-INFO-实际:{"code": 1006, "msg": "密码必须为7-11位字母和数字"}
test_login.py-[LineNo:83]-2022-04-21 11:21:10,265-INFO------------>结束执行测试案例：【输入错误的密码】
test_login.py-[LineNo:84]-2022-04-21 11:21:10,265-INFO-*************** 结束执行用例 ***************
test_login.py-[LineNo:29]-2022-04-21 11:21:10,265-INFO-详细参数为: 两次密码输入不一致
test_login.py-[LineNo:33]-2022-04-21 11:21:10,265-INFO-*************** 开始执行用例 ***************
test_login.py-[LineNo:34]-2022-04-21 11:21:10,265-INFO------------>开始执行测试案例:两次密码输入不一致
test_login.py-[LineNo:49]-2022-04-21 11:21:10,265-INFO-返回结果:{"code": 1006, "msg": "密码必须为7-11位字母和数字"}
test_login.py-[LineNo:50]-2022-04-21 11:21:10,265-INFO-预期:{"code": 1006, "msg": "密码必须为7-11位字母和数字"}
test_login.py-[LineNo:51]-2022-04-21 11:21:10,265-INFO-实际:{"code": 1006, "msg": "密码必须为7-11位字母和数字"}
test_login.py-[LineNo:83]-2022-04-21 11:21:10,265-INFO------------>结束执行测试案例：【两次密码输入不一致】
test_login.py-[LineNo:84]-2022-04-21 11:21:10,265-INFO-*************** 结束执行用例 ***************
test_login.py-[LineNo:29]-2022-04-21 11:21:10,265-INFO-详细参数为: 确认密码输入为空
test_login.py-[LineNo:33]-2022-04-21 11:21:10,265-INFO-*************** 开始执行用例 ***************
test_login.py-[LineNo:34]-2022-04-21 11:21:10,281-INFO------------>开始执行测试案例:确认密码输入为空
test_login.py-[LineNo:49]-2022-04-21 11:21:10,281-INFO-返回结果:{"code": 1004, "msg": "重复密码不能为空"}
test_login.py-[LineNo:50]-2022-04-21 11:21:10,281-INFO-预期:{"code": 1005, "msg": "重复密码不能为空"}
test_login.py-[LineNo:51]-2022-04-21 11:21:10,281-INFO-实际:{"code": 1004, "msg": "重复密码不能为空"}
test_login.py-[LineNo:60]-2022-04-21 11:21:10,281-ERROR-测试案例【4】实际结果与预期结果不一致
test_login.py-[LineNo:63]-2022-04-21 11:21:10,281-INFO-data=/['code']:预期值:1005<class 'int'>,实际值:1004<class 'int'>
test_login.py-[LineNo:83]-2022-04-21 11:21:10,281-INFO------------>结束执行测试案例：【确认密码输入为空】
test_login.py-[LineNo:84]-2022-04-21 11:21:10,281-INFO-*************** 结束执行用例 ***************
