test_login.py-[LineNo:23]-2022-04-20 20:32:39,469-INFO-详细参数为: 输入错误的用户名
test_login.py-[LineNo:27]-2022-04-20 20:32:39,481-INFO-*************** 开始执行用例 ***************
test_login.py-[LineNo:28]-2022-04-20 20:32:39,481-INFO------------>开始执行测试案例:输入错误的用户名
test_login.py-[LineNo:23]-2022-04-20 20:32:39,483-INFO-详细参数为: 输入错误的密码
test_login.py-[LineNo:27]-2022-04-20 20:32:39,484-INFO-*************** 开始执行用例 ***************
test_login.py-[LineNo:28]-2022-04-20 20:32:39,485-INFO------------>开始执行测试案例:输入错误的密码
test_login.py-[LineNo:23]-2022-04-20 20:32:39,487-INFO-详细参数为: 两次密码输入不一致
test_login.py-[LineNo:27]-2022-04-20 20:32:39,571-INFO-*************** 开始执行用例 ***************
test_login.py-[LineNo:28]-2022-04-20 20:32:39,572-INFO------------>开始执行测试案例:两次密码输入不一致
test_login.py-[LineNo:23]-2022-04-20 20:39:49,239-INFO-详细参数为: 输入错误的用户名
test_login.py-[LineNo:27]-2022-04-20 20:39:49,239-INFO-*************** 开始执行用例 ***************
test_login.py-[LineNo:28]-2022-04-20 20:39:49,250-INFO------------>开始执行测试案例:输入错误的用户名
test_login.py-[LineNo:23]-2022-04-20 20:39:51,686-INFO-详细参数为: 输入错误的密码
test_login.py-[LineNo:27]-2022-04-20 20:39:51,687-INFO-*************** 开始执行用例 ***************
test_login.py-[LineNo:28]-2022-04-20 20:39:51,687-INFO------------>开始执行测试案例:输入错误的密码
test_login.py-[LineNo:23]-2022-04-20 20:39:53,820-INFO-详细参数为: 两次密码输入不一致
test_login.py-[LineNo:27]-2022-04-20 20:39:53,821-INFO-*************** 开始执行用例 ***************
test_login.py-[LineNo:28]-2022-04-20 20:39:53,822-INFO------------>开始执行测试案例:两次密码输入不一致
test_login.py-[LineNo:23]-2022-04-20 20:41:00,809-INFO-详细参数为: 输入错误的用户名
test_login.py-[LineNo:27]-2022-04-20 20:41:00,809-INFO-*************** 开始执行用例 ***************
test_login.py-[LineNo:28]-2022-04-20 20:41:00,819-INFO------------>开始执行测试案例:输入错误的用户名
test_login.py-[LineNo:41]-2022-04-20 20:41:00,829-INFO-返回结果:{"code": 1005, "msg": "用户名必须以字母开头，由字母和数字组成 6-8位的字符串"}
test_login.py-[LineNo:42]-2022-04-20 20:41:00,829-INFO-预期:{"code": 100, "msg": "用户名必须以字母开头，由字母和数字组成 6-8位的字符串"}
test_login.py-[LineNo:43]-2022-04-20 20:41:00,829-INFO-实际:{"code": 1005, "msg": "用户名必须以字母开头，由字母和数字组成 6-8位的字符串"}
test_login.py-[LineNo:52]-2022-04-20 20:41:00,903-ERROR-测试案例【1】实际结果与预期结果不一致
test_login.py-[LineNo:55]-2022-04-20 20:41:00,903-INFO-data=/['code']:预期值:100<class 'int'>,实际值:1005<class 'int'>
test_login.py-[LineNo:75]-2022-04-20 20:41:01,102-INFO------------>结束执行测试案例：【输入错误的用户名】
test_login.py-[LineNo:76]-2022-04-20 20:41:01,102-INFO-*************** 结束执行用例 ***************
test_login.py-[LineNo:23]-2022-04-20 20:41:01,129-INFO-详细参数为: 输入错误的密码
test_login.py-[LineNo:27]-2022-04-20 20:41:01,130-INFO-*************** 开始执行用例 ***************
test_login.py-[LineNo:28]-2022-04-20 20:41:01,130-INFO------------>开始执行测试案例:输入错误的密码
test_login.py-[LineNo:41]-2022-04-20 20:41:01,131-INFO-返回结果:{"code": 1006, "msg": "密码必须为7-11位字母和数字"}
test_login.py-[LineNo:42]-2022-04-20 20:41:01,131-INFO-预期:{"code": 1006, "msg": "密码必须为7-11位字母和数字"}
test_login.py-[LineNo:43]-2022-04-20 20:41:01,131-INFO-实际:{"code": 1006, "msg": "密码必须为7-11位字母和数字"}
test_login.py-[LineNo:75]-2022-04-20 20:41:01,137-INFO------------>结束执行测试案例：【输入错误的密码】
test_login.py-[LineNo:76]-2022-04-20 20:41:01,137-INFO-*************** 结束执行用例 ***************
test_login.py-[LineNo:23]-2022-04-20 20:41:01,142-INFO-详细参数为: 两次密码输入不一致
test_login.py-[LineNo:27]-2022-04-20 20:41:01,143-INFO-*************** 开始执行用例 ***************
test_login.py-[LineNo:28]-2022-04-20 20:41:01,143-INFO------------>开始执行测试案例:两次密码输入不一致
test_login.py-[LineNo:41]-2022-04-20 20:41:01,148-INFO-返回结果:{"code": 1006, "msg": "密码必须为7-11位字母和数字"}
test_login.py-[LineNo:42]-2022-04-20 20:41:01,148-INFO-预期:{"code": 1006, "msg": "密码必须为7-11位字母和数字"}
test_login.py-[LineNo:43]-2022-04-20 20:41:01,148-INFO-实际:{"code": 1006, "msg": "密码必须为7-11位字母和数字"}
test_login.py-[LineNo:75]-2022-04-20 20:41:01,149-INFO------------>结束执行测试案例：【两次密码输入不一致】
test_login.py-[LineNo:76]-2022-04-20 20:41:01,149-INFO-*************** 结束执行用例 ***************
test_login.py-[LineNo:23]-2022-04-20 21:36:04,475-INFO-详细参数为: 输入错误的用户名
test_login.py-[LineNo:27]-2022-04-20 21:36:04,476-INFO-*************** 开始执行用例 ***************
test_login.py-[LineNo:28]-2022-04-20 21:36:04,476-INFO------------>开始执行测试案例:输入错误的用户名
test_login.py-[LineNo:23]-2022-04-20 21:36:04,726-INFO-详细参数为: 输入错误的密码
test_login.py-[LineNo:27]-2022-04-20 21:36:04,727-INFO-*************** 开始执行用例 ***************
test_login.py-[LineNo:28]-2022-04-20 21:36:04,727-INFO------------>开始执行测试案例:输入错误的密码
test_login.py-[LineNo:23]-2022-04-20 21:36:04,760-INFO-详细参数为: 两次密码输入不一致
test_login.py-[LineNo:27]-2022-04-20 21:36:04,761-INFO-*************** 开始执行用例 ***************
test_login.py-[LineNo:28]-2022-04-20 21:36:04,761-INFO------------>开始执行测试案例:两次密码输入不一致
test_login.py-[LineNo:23]-2022-04-20 21:37:43,216-INFO-详细参数为: 输入错误的用户名
test_login.py-[LineNo:27]-2022-04-20 21:37:43,227-INFO-*************** 开始执行用例 ***************
test_login.py-[LineNo:28]-2022-04-20 21:37:43,227-INFO------------>开始执行测试案例:输入错误的用户名
test_login.py-[LineNo:23]-2022-04-20 21:37:43,425-INFO-详细参数为: 输入错误的密码
test_login.py-[LineNo:27]-2022-04-20 21:37:43,427-INFO-*************** 开始执行用例 ***************
test_login.py-[LineNo:28]-2022-04-20 21:37:43,427-INFO------------>开始执行测试案例:输入错误的密码
test_login.py-[LineNo:23]-2022-04-20 21:37:43,444-INFO-详细参数为: 两次密码输入不一致
test_login.py-[LineNo:27]-2022-04-20 21:37:43,445-INFO-*************** 开始执行用例 ***************
test_login.py-[LineNo:28]-2022-04-20 21:37:43,446-INFO------------>开始执行测试案例:两次密码输入不一致
test_login.py-[LineNo:23]-2022-04-20 21:40:48,771-INFO-详细参数为: 输入错误的用户名
test_login.py-[LineNo:27]-2022-04-20 21:40:48,771-INFO-*************** 开始执行用例 ***************
test_login.py-[LineNo:28]-2022-04-20 21:40:48,784-INFO------------>开始执行测试案例:输入错误的用户名
test_login.py-[LineNo:23]-2022-04-20 21:40:48,795-INFO-详细参数为: 输入错误的密码
test_login.py-[LineNo:27]-2022-04-20 21:40:48,797-INFO-*************** 开始执行用例 ***************
test_login.py-[LineNo:28]-2022-04-20 21:40:48,797-INFO------------>开始执行测试案例:输入错误的密码
test_login.py-[LineNo:23]-2022-04-20 21:40:48,806-INFO-详细参数为: 两次密码输入不一致
test_login.py-[LineNo:27]-2022-04-20 21:40:48,809-INFO-*************** 开始执行用例 ***************
test_login.py-[LineNo:28]-2022-04-20 21:40:48,809-INFO------------>开始执行测试案例:两次密码输入不一致
test_login.py-[LineNo:23]-2022-04-20 21:41:37,947-INFO-详细参数为: 输入错误的用户名
test_login.py-[LineNo:27]-2022-04-20 21:41:37,961-INFO-*************** 开始执行用例 ***************
test_login.py-[LineNo:28]-2022-04-20 21:41:37,961-INFO------------>开始执行测试案例:输入错误的用户名
test_login.py-[LineNo:23]-2022-04-20 21:41:37,972-INFO-详细参数为: 输入错误的密码
test_login.py-[LineNo:27]-2022-04-20 21:41:37,972-INFO-*************** 开始执行用例 ***************
test_login.py-[LineNo:28]-2022-04-20 21:41:37,972-INFO------------>开始执行测试案例:输入错误的密码
test_login.py-[LineNo:23]-2022-04-20 21:41:37,980-INFO-详细参数为: 两次密码输入不一致
test_login.py-[LineNo:27]-2022-04-20 21:41:37,983-INFO-*************** 开始执行用例 ***************
test_login.py-[LineNo:28]-2022-04-20 21:41:37,983-INFO------------>开始执行测试案例:两次密码输入不一致
test_login.py-[LineNo:23]-2022-04-20 21:43:22,607-INFO-详细参数为: 输入错误的用户名
test_login.py-[LineNo:27]-2022-04-20 21:43:22,618-INFO-*************** 开始执行用例 ***************
test_login.py-[LineNo:28]-2022-04-20 21:43:22,618-INFO------------>开始执行测试案例:输入错误的用户名
test_login.py-[LineNo:23]-2022-04-20 21:43:22,630-INFO-详细参数为: 输入错误的密码
test_login.py-[LineNo:27]-2022-04-20 21:43:22,632-INFO-*************** 开始执行用例 ***************
test_login.py-[LineNo:28]-2022-04-20 21:43:22,632-INFO------------>开始执行测试案例:输入错误的密码
test_login.py-[LineNo:23]-2022-04-20 21:43:22,640-INFO-详细参数为: 两次密码输入不一致
test_login.py-[LineNo:27]-2022-04-20 21:43:22,642-INFO-*************** 开始执行用例 ***************
test_login.py-[LineNo:28]-2022-04-20 21:43:22,642-INFO------------>开始执行测试案例:两次密码输入不一致
test_login.py-[LineNo:23]-2022-04-20 21:43:46,791-INFO-详细参数为: 输入错误的用户名
test_login.py-[LineNo:27]-2022-04-20 21:43:46,794-INFO-*************** 开始执行用例 ***************
test_login.py-[LineNo:28]-2022-04-20 21:43:46,794-INFO------------>开始执行测试案例:输入错误的用户名
test_login.py-[LineNo:23]-2022-04-20 21:43:46,804-INFO-详细参数为: 输入错误的密码
test_login.py-[LineNo:27]-2022-04-20 21:43:46,806-INFO-*************** 开始执行用例 ***************
test_login.py-[LineNo:28]-2022-04-20 21:43:46,806-INFO------------>开始执行测试案例:输入错误的密码
test_login.py-[LineNo:23]-2022-04-20 21:43:46,814-INFO-详细参数为: 两次密码输入不一致
test_login.py-[LineNo:27]-2022-04-20 21:43:46,816-INFO-*************** 开始执行用例 ***************
test_login.py-[LineNo:28]-2022-04-20 21:43:46,816-INFO------------>开始执行测试案例:两次密码输入不一致
test_login.py-[LineNo:23]-2022-04-20 21:45:35,961-INFO-详细参数为: 输入错误的用户名
test_login.py-[LineNo:27]-2022-04-20 21:45:35,977-INFO-*************** 开始执行用例 ***************
test_login.py-[LineNo:28]-2022-04-20 21:45:35,977-INFO------------>开始执行测试案例:输入错误的用户名
test_login.py-[LineNo:23]-2022-04-20 21:45:36,062-INFO-详细参数为: 输入错误的密码
test_login.py-[LineNo:27]-2022-04-20 21:45:36,062-INFO-*************** 开始执行用例 ***************
test_login.py-[LineNo:28]-2022-04-20 21:45:36,062-INFO------------>开始执行测试案例:输入错误的密码
test_login.py-[LineNo:23]-2022-04-20 21:45:36,076-INFO-详细参数为: 两次密码输入不一致
test_login.py-[LineNo:27]-2022-04-20 21:45:36,079-INFO-*************** 开始执行用例 ***************
test_login.py-[LineNo:28]-2022-04-20 21:45:36,079-INFO------------>开始执行测试案例:两次密码输入不一致
test_login.py-[LineNo:23]-2022-04-20 21:46:21,715-INFO-详细参数为: 输入错误的用户名
test_login.py-[LineNo:27]-2022-04-20 21:46:21,727-INFO-*************** 开始执行用例 ***************
test_login.py-[LineNo:28]-2022-04-20 21:46:21,727-INFO------------>开始执行测试案例:输入错误的用户名
test_login.py-[LineNo:23]-2022-04-20 21:46:21,739-INFO-详细参数为: 输入错误的密码
test_login.py-[LineNo:27]-2022-04-20 21:46:21,742-INFO-*************** 开始执行用例 ***************
test_login.py-[LineNo:28]-2022-04-20 21:46:21,742-INFO------------>开始执行测试案例:输入错误的密码
test_login.py-[LineNo:23]-2022-04-20 21:46:21,742-INFO-详细参数为: 两次密码输入不一致
test_login.py-[LineNo:27]-2022-04-20 21:46:21,742-INFO-*************** 开始执行用例 ***************
test_login.py-[LineNo:28]-2022-04-20 21:46:21,742-INFO------------>开始执行测试案例:两次密码输入不一致
test_login.py-[LineNo:23]-2022-04-20 21:48:37,967-INFO-详细参数为: 输入错误的用户名
test_login.py-[LineNo:27]-2022-04-20 21:48:38,060-INFO-*************** 开始执行用例 ***************
test_login.py-[LineNo:28]-2022-04-20 21:48:38,060-INFO------------>开始执行测试案例:输入错误的用户名
test_login.py-[LineNo:23]-2022-04-20 21:48:38,075-INFO-详细参数为: 输入错误的密码
test_login.py-[LineNo:27]-2022-04-20 21:48:38,078-INFO-*************** 开始执行用例 ***************
test_login.py-[LineNo:28]-2022-04-20 21:48:38,078-INFO------------>开始执行测试案例:输入错误的密码
test_login.py-[LineNo:23]-2022-04-20 21:48:38,087-INFO-详细参数为: 两次密码输入不一致
test_login.py-[LineNo:27]-2022-04-20 21:48:38,088-INFO-*************** 开始执行用例 ***************
test_login.py-[LineNo:28]-2022-04-20 21:48:38,088-INFO------------>开始执行测试案例:两次密码输入不一致
test_login.py-[LineNo:23]-2022-04-20 21:54:51,433-INFO-详细参数为: 输入错误的用户名
test_login.py-[LineNo:27]-2022-04-20 21:54:51,443-INFO-*************** 开始执行用例 ***************
test_login.py-[LineNo:28]-2022-04-20 21:54:51,443-INFO------------>开始执行测试案例:输入错误的用户名
test_login.py-[LineNo:23]-2022-04-20 21:54:51,541-INFO-详细参数为: 输入错误的密码
test_login.py-[LineNo:27]-2022-04-20 21:54:51,541-INFO-*************** 开始执行用例 ***************
test_login.py-[LineNo:28]-2022-04-20 21:54:51,557-INFO------------>开始执行测试案例:输入错误的密码
test_login.py-[LineNo:23]-2022-04-20 21:54:51,593-INFO-详细参数为: 两次密码输入不一致
test_login.py-[LineNo:27]-2022-04-20 21:54:51,594-INFO-*************** 开始执行用例 ***************
test_login.py-[LineNo:28]-2022-04-20 21:54:51,594-INFO------------>开始执行测试案例:两次密码输入不一致
test_login.py-[LineNo:23]-2022-04-20 21:57:14,967-INFO-详细参数为: 输入错误的用户名
test_login.py-[LineNo:27]-2022-04-20 21:57:14,983-INFO-*************** 开始执行用例 ***************
test_login.py-[LineNo:28]-2022-04-20 21:57:14,983-INFO------------>开始执行测试案例:输入错误的用户名
test_login.py-[LineNo:43]-2022-04-20 21:57:14,990-INFO-返回结果:{"code": 1005, "msg": "用户名必须以字母开头，由字母和数字组成 6-8位的字符串"}
test_login.py-[LineNo:44]-2022-04-20 21:57:14,990-INFO-预期:{"code": 100, "msg": "用户名必须以字母开头，由字母和数字组成 6-8位的字符串"}
test_login.py-[LineNo:45]-2022-04-20 21:57:14,990-INFO-实际:{"code": 1005, "msg": "用户名必须以字母开头，由字母和数字组成 6-8位的字符串"}
test_login.py-[LineNo:54]-2022-04-20 21:57:14,994-ERROR-测试案例【1】实际结果与预期结果不一致
test_login.py-[LineNo:57]-2022-04-20 21:57:14,994-INFO-data=/['code']:预期值:100<class 'int'>,实际值:1005<class 'int'>
test_login.py-[LineNo:77]-2022-04-20 21:57:15,073-INFO------------>结束执行测试案例：【输入错误的用户名】
test_login.py-[LineNo:78]-2022-04-20 21:57:15,073-INFO-*************** 结束执行用例 ***************
test_login.py-[LineNo:23]-2022-04-20 21:57:15,091-INFO-详细参数为: 输入错误的密码
test_login.py-[LineNo:27]-2022-04-20 21:57:15,092-INFO-*************** 开始执行用例 ***************
test_login.py-[LineNo:28]-2022-04-20 21:57:15,092-INFO------------>开始执行测试案例:输入错误的密码
test_login.py-[LineNo:43]-2022-04-20 21:57:15,100-INFO-返回结果:{"code": 1006, "msg": "密码必须为7-11位字母和数字"}
test_login.py-[LineNo:44]-2022-04-20 21:57:15,100-INFO-预期:{"code": 1006, "msg": "密码必须为7-11位字母和数字"}
test_login.py-[LineNo:45]-2022-04-20 21:57:15,100-INFO-实际:{"code": 1006, "msg": "密码必须为7-11位字母和数字"}
test_login.py-[LineNo:77]-2022-04-20 21:57:15,101-INFO------------>结束执行测试案例：【输入错误的密码】
test_login.py-[LineNo:78]-2022-04-20 21:57:15,101-INFO-*************** 结束执行用例 ***************
test_login.py-[LineNo:23]-2022-04-20 21:57:15,105-INFO-详细参数为: 两次密码输入不一致
test_login.py-[LineNo:27]-2022-04-20 21:57:15,105-INFO-*************** 开始执行用例 ***************
test_login.py-[LineNo:28]-2022-04-20 21:57:15,105-INFO------------>开始执行测试案例:两次密码输入不一致
test_login.py-[LineNo:43]-2022-04-20 21:57:15,105-INFO-返回结果:{"code": 1006, "msg": "密码必须为7-11位字母和数字"}
test_login.py-[LineNo:44]-2022-04-20 21:57:15,105-INFO-预期:{"code": 1006, "msg": "密码必须为7-11位字母和数字"}
test_login.py-[LineNo:45]-2022-04-20 21:57:15,105-INFO-实际:{"code": 1006, "msg": "密码必须为7-11位字母和数字"}
test_login.py-[LineNo:77]-2022-04-20 21:57:15,113-INFO------------>结束执行测试案例：【两次密码输入不一致】
test_login.py-[LineNo:78]-2022-04-20 21:57:15,113-INFO-*************** 结束执行用例 ***************
test_login.py-[LineNo:25]-2022-04-20 23:38:32,228-INFO-详细参数为: 输入错误的用户名
test_login.py-[LineNo:29]-2022-04-20 23:38:32,236-INFO-*************** 开始执行用例 ***************
test_login.py-[LineNo:30]-2022-04-20 23:38:32,236-INFO------------>开始执行测试案例:输入错误的用户名
test_login.py-[LineNo:45]-2022-04-20 23:38:32,243-INFO-返回结果:{"code": 1005, "msg": "用户名必须以字母开头，由字母和数字组成 6-8位的字符串"}
test_login.py-[LineNo:46]-2022-04-20 23:38:32,243-INFO-预期:{"code": 100, "msg": "用户名必须以字母开头，由字母和数字组成 6-8位的字符串"}
test_login.py-[LineNo:47]-2022-04-20 23:38:32,243-INFO-实际:{"code": 1005, "msg": "用户名必须以字母开头，由字母和数字组成 6-8位的字符串"}
test_login.py-[LineNo:56]-2022-04-20 23:38:32,244-ERROR-测试案例【1】实际结果与预期结果不一致
test_login.py-[LineNo:59]-2022-04-20 23:38:32,244-INFO-data=/['code']:预期值:100<class 'int'>,实际值:1005<class 'int'>
test_login.py-[LineNo:79]-2022-04-20 23:38:32,307-INFO------------>结束执行测试案例：【输入错误的用户名】
test_login.py-[LineNo:80]-2022-04-20 23:38:32,307-INFO-*************** 结束执行用例 ***************
test_login.py-[LineNo:25]-2022-04-20 23:38:32,334-INFO-详细参数为: 输入错误的密码
test_login.py-[LineNo:29]-2022-04-20 23:38:32,335-INFO-*************** 开始执行用例 ***************
test_login.py-[LineNo:30]-2022-04-20 23:38:32,335-INFO------------>开始执行测试案例:输入错误的密码
test_login.py-[LineNo:45]-2022-04-20 23:38:32,338-INFO-返回结果:{"code": 1006, "msg": "密码必须为7-11位字母和数字"}
test_login.py-[LineNo:46]-2022-04-20 23:38:32,341-INFO-预期:{"code": 1006, "msg": "密码必须为7-11位字母和数字"}
test_login.py-[LineNo:47]-2022-04-20 23:38:32,341-INFO-实际:{"code": 1006, "msg": "密码必须为7-11位字母和数字"}
test_login.py-[LineNo:79]-2022-04-20 23:38:32,343-INFO------------>结束执行测试案例：【输入错误的密码】
test_login.py-[LineNo:80]-2022-04-20 23:38:32,343-INFO-*************** 结束执行用例 ***************
test_login.py-[LineNo:25]-2022-04-20 23:38:32,348-INFO-详细参数为: 两次密码输入不一致
test_login.py-[LineNo:29]-2022-04-20 23:38:32,350-INFO-*************** 开始执行用例 ***************
test_login.py-[LineNo:30]-2022-04-20 23:38:32,350-INFO------------>开始执行测试案例:两次密码输入不一致
test_login.py-[LineNo:45]-2022-04-20 23:38:32,350-INFO-返回结果:{"code": 1006, "msg": "密码必须为7-11位字母和数字"}
test_login.py-[LineNo:46]-2022-04-20 23:38:32,354-INFO-预期:{"code": 1006, "msg": "密码必须为7-11位字母和数字"}
test_login.py-[LineNo:47]-2022-04-20 23:38:32,354-INFO-实际:{"code": 1006, "msg": "密码必须为7-11位字母和数字"}
test_login.py-[LineNo:79]-2022-04-20 23:38:32,355-INFO------------>结束执行测试案例：【两次密码输入不一致】
test_login.py-[LineNo:80]-2022-04-20 23:38:32,355-INFO-*************** 结束执行用例 ***************
test_login.py-[LineNo:27]-2022-04-20 23:40:23,739-INFO-详细参数为: 输入错误的用户名
test_login.py-[LineNo:31]-2022-04-20 23:40:23,755-INFO-*************** 开始执行用例 ***************
test_login.py-[LineNo:32]-2022-04-20 23:40:23,755-INFO------------>开始执行测试案例:输入错误的用户名
test_login.py-[LineNo:47]-2022-04-20 23:40:23,759-INFO-返回结果:{"code": 1005, "msg": "用户名必须以字母开头，由字母和数字组成 6-8位的字符串"}
test_login.py-[LineNo:48]-2022-04-20 23:40:23,763-INFO-预期:{"code": 100, "msg": "用户名必须以字母开头，由字母和数字组成 6-8位的字符串"}
test_login.py-[LineNo:49]-2022-04-20 23:40:23,763-INFO-实际:{"code": 1005, "msg": "用户名必须以字母开头，由字母和数字组成 6-8位的字符串"}
test_login.py-[LineNo:58]-2022-04-20 23:40:23,763-ERROR-测试案例【1】实际结果与预期结果不一致
test_login.py-[LineNo:61]-2022-04-20 23:40:23,763-INFO-data=/['code']:预期值:100<class 'int'>,实际值:1005<class 'int'>
test_login.py-[LineNo:81]-2022-04-20 23:40:23,859-INFO------------>结束执行测试案例：【输入错误的用户名】
test_login.py-[LineNo:82]-2022-04-20 23:40:23,859-INFO-*************** 结束执行用例 ***************
test_login.py-[LineNo:27]-2022-04-20 23:40:23,859-INFO-详细参数为: 输入错误的密码
test_login.py-[LineNo:31]-2022-04-20 23:40:23,875-INFO-*************** 开始执行用例 ***************
test_login.py-[LineNo:32]-2022-04-20 23:40:23,875-INFO------------>开始执行测试案例:输入错误的密码
test_login.py-[LineNo:47]-2022-04-20 23:40:23,882-INFO-返回结果:{"code": 1006, "msg": "密码必须为7-11位字母和数字"}
test_login.py-[LineNo:48]-2022-04-20 23:40:23,882-INFO-预期:{"code": 1006, "msg": "密码必须为7-11位字母和数字"}
test_login.py-[LineNo:49]-2022-04-20 23:40:23,882-INFO-实际:{"code": 1006, "msg": "密码必须为7-11位字母和数字"}
test_login.py-[LineNo:81]-2022-04-20 23:40:23,883-INFO------------>结束执行测试案例：【输入错误的密码】
test_login.py-[LineNo:82]-2022-04-20 23:40:23,883-INFO-*************** 结束执行用例 ***************
test_login.py-[LineNo:27]-2022-04-20 23:40:23,890-INFO-详细参数为: 两次密码输入不一致
test_login.py-[LineNo:31]-2022-04-20 23:40:23,892-INFO-*************** 开始执行用例 ***************
test_login.py-[LineNo:32]-2022-04-20 23:40:23,892-INFO------------>开始执行测试案例:两次密码输入不一致
test_login.py-[LineNo:47]-2022-04-20 23:40:23,897-INFO-返回结果:{"code": 1006, "msg": "密码必须为7-11位字母和数字"}
test_login.py-[LineNo:48]-2022-04-20 23:40:23,897-INFO-预期:{"code": 1006, "msg": "密码必须为7-11位字母和数字"}
test_login.py-[LineNo:49]-2022-04-20 23:40:23,897-INFO-实际:{"code": 1006, "msg": "密码必须为7-11位字母和数字"}
test_login.py-[LineNo:81]-2022-04-20 23:40:23,898-INFO------------>结束执行测试案例：【两次密码输入不一致】
test_login.py-[LineNo:82]-2022-04-20 23:40:23,898-INFO-*************** 结束执行用例 ***************
test_login.py-[LineNo:27]-2022-04-20 23:41:09,602-INFO-详细参数为: 输入错误的用户名
test_login.py-[LineNo:31]-2022-04-20 23:41:09,617-INFO-*************** 开始执行用例 ***************
test_login.py-[LineNo:32]-2022-04-20 23:41:09,617-INFO------------>开始执行测试案例:输入错误的用户名
test_login.py-[LineNo:47]-2022-04-20 23:41:09,625-INFO-返回结果:{"code": 1005, "msg": "用户名必须以字母开头，由字母和数字组成 6-8位的字符串"}
test_login.py-[LineNo:48]-2022-04-20 23:41:09,625-INFO-预期:{"code": 100, "msg": "用户名必须以字母开头，由字母和数字组成 6-8位的字符串"}
test_login.py-[LineNo:49]-2022-04-20 23:41:09,625-INFO-实际:{"code": 1005, "msg": "用户名必须以字母开头，由字母和数字组成 6-8位的字符串"}
test_login.py-[LineNo:58]-2022-04-20 23:41:09,626-ERROR-测试案例【1】实际结果与预期结果不一致
test_login.py-[LineNo:61]-2022-04-20 23:41:09,626-INFO-data=/['code']:预期值:100<class 'int'>,实际值:1005<class 'int'>
test_login.py-[LineNo:81]-2022-04-20 23:41:09,699-INFO------------>结束执行测试案例：【输入错误的用户名】
test_login.py-[LineNo:82]-2022-04-20 23:41:09,699-INFO-*************** 结束执行用例 ***************
test_login.py-[LineNo:27]-2022-04-20 23:41:09,699-INFO-详细参数为: 输入错误的密码
test_login.py-[LineNo:31]-2022-04-20 23:41:09,699-INFO-*************** 开始执行用例 ***************
test_login.py-[LineNo:32]-2022-04-20 23:41:09,699-INFO------------>开始执行测试案例:输入错误的密码
test_login.py-[LineNo:47]-2022-04-20 23:41:09,718-INFO-返回结果:{"code": 1006, "msg": "密码必须为7-11位字母和数字"}
test_login.py-[LineNo:48]-2022-04-20 23:41:09,718-INFO-预期:{"code": 1006, "msg": "密码必须为7-11位字母和数字"}
test_login.py-[LineNo:49]-2022-04-20 23:41:09,718-INFO-实际:{"code": 1006, "msg": "密码必须为7-11位字母和数字"}
test_login.py-[LineNo:81]-2022-04-20 23:41:09,719-INFO------------>结束执行测试案例：【输入错误的密码】
test_login.py-[LineNo:82]-2022-04-20 23:41:09,719-INFO-*************** 结束执行用例 ***************
test_login.py-[LineNo:27]-2022-04-20 23:41:09,719-INFO-详细参数为: 两次密码输入不一致
test_login.py-[LineNo:31]-2022-04-20 23:41:09,719-INFO-*************** 开始执行用例 ***************
test_login.py-[LineNo:32]-2022-04-20 23:41:09,725-INFO------------>开始执行测试案例:两次密码输入不一致
test_login.py-[LineNo:47]-2022-04-20 23:41:09,725-INFO-返回结果:{"code": 1006, "msg": "密码必须为7-11位字母和数字"}
test_login.py-[LineNo:48]-2022-04-20 23:41:09,725-INFO-预期:{"code": 1006, "msg": "密码必须为7-11位字母和数字"}
test_login.py-[LineNo:49]-2022-04-20 23:41:09,725-INFO-实际:{"code": 1006, "msg": "密码必须为7-11位字母和数字"}
test_login.py-[LineNo:81]-2022-04-20 23:41:09,731-INFO------------>结束执行测试案例：【两次密码输入不一致】
test_login.py-[LineNo:82]-2022-04-20 23:41:09,731-INFO-*************** 结束执行用例 ***************
test_login.py-[LineNo:28]-2022-04-20 23:42:39,152-INFO-详细参数为: 输入错误的用户名
test_login.py-[LineNo:32]-2022-04-20 23:42:39,164-INFO-*************** 开始执行用例 ***************
test_login.py-[LineNo:33]-2022-04-20 23:42:39,164-INFO------------>开始执行测试案例:输入错误的用户名
test_login.py-[LineNo:48]-2022-04-20 23:42:39,170-INFO-返回结果:{"code": 1005, "msg": "用户名必须以字母开头，由字母和数字组成 6-8位的字符串"}
test_login.py-[LineNo:49]-2022-04-20 23:42:39,170-INFO-预期:{"code": 100, "msg": "用户名必须以字母开头，由字母和数字组成 6-8位的字符串"}
test_login.py-[LineNo:50]-2022-04-20 23:42:39,170-INFO-实际:{"code": 1005, "msg": "用户名必须以字母开头，由字母和数字组成 6-8位的字符串"}
test_login.py-[LineNo:59]-2022-04-20 23:42:39,171-ERROR-测试案例【1】实际结果与预期结果不一致
test_login.py-[LineNo:62]-2022-04-20 23:42:39,171-INFO-data=/['code']:预期值:100<class 'int'>,实际值:1005<class 'int'>
test_login.py-[LineNo:82]-2022-04-20 23:42:39,251-INFO------------>结束执行测试案例：【输入错误的用户名】
test_login.py-[LineNo:83]-2022-04-20 23:42:39,251-INFO-*************** 结束执行用例 ***************
test_login.py-[LineNo:28]-2022-04-20 23:42:39,265-INFO-详细参数为: 输入错误的密码
test_login.py-[LineNo:32]-2022-04-20 23:42:39,265-INFO-*************** 开始执行用例 ***************
test_login.py-[LineNo:33]-2022-04-20 23:42:39,266-INFO------------>开始执行测试案例:输入错误的密码
test_login.py-[LineNo:48]-2022-04-20 23:42:39,272-INFO-返回结果:{"code": 1006, "msg": "密码必须为7-11位字母和数字"}
test_login.py-[LineNo:49]-2022-04-20 23:42:39,272-INFO-预期:{"code": 1006, "msg": "密码必须为7-11位字母和数字"}
test_login.py-[LineNo:50]-2022-04-20 23:42:39,272-INFO-实际:{"code": 1006, "msg": "密码必须为7-11位字母和数字"}
test_login.py-[LineNo:82]-2022-04-20 23:42:39,272-INFO------------>结束执行测试案例：【输入错误的密码】
test_login.py-[LineNo:83]-2022-04-20 23:42:39,272-INFO-*************** 结束执行用例 ***************
test_login.py-[LineNo:28]-2022-04-20 23:42:39,360-INFO-详细参数为: 两次密码输入不一致
test_login.py-[LineNo:32]-2022-04-20 23:42:39,360-INFO-*************** 开始执行用例 ***************
test_login.py-[LineNo:33]-2022-04-20 23:42:39,363-INFO------------>开始执行测试案例:两次密码输入不一致
test_login.py-[LineNo:48]-2022-04-20 23:42:39,363-INFO-返回结果:{"code": 1006, "msg": "密码必须为7-11位字母和数字"}
test_login.py-[LineNo:49]-2022-04-20 23:42:39,363-INFO-预期:{"code": 1006, "msg": "密码必须为7-11位字母和数字"}
test_login.py-[LineNo:50]-2022-04-20 23:42:39,363-INFO-实际:{"code": 1006, "msg": "密码必须为7-11位字母和数字"}
test_login.py-[LineNo:82]-2022-04-20 23:42:39,376-INFO------------>结束执行测试案例：【两次密码输入不一致】
test_login.py-[LineNo:83]-2022-04-20 23:42:39,376-INFO-*************** 结束执行用例 ***************
test_login.py-[LineNo:28]-2022-04-20 23:43:41,663-INFO-详细参数为: 输入错误的用户名
test_login.py-[LineNo:32]-2022-04-20 23:43:41,663-INFO-*************** 开始执行用例 ***************
test_login.py-[LineNo:33]-2022-04-20 23:43:41,663-INFO------------>开始执行测试案例:输入错误的用户名
test_login.py-[LineNo:48]-2022-04-20 23:43:41,670-INFO-返回结果:{"code": 1005, "msg": "用户名必须以字母开头，由字母和数字组成 6-8位的字符串"}
test_login.py-[LineNo:49]-2022-04-20 23:43:41,670-INFO-预期:{"code": 100, "msg": "用户名必须以字母开头，由字母和数字组成 6-8位的字符串"}
test_login.py-[LineNo:50]-2022-04-20 23:43:41,670-INFO-实际:{"code": 1005, "msg": "用户名必须以字母开头，由字母和数字组成 6-8位的字符串"}
test_login.py-[LineNo:59]-2022-04-20 23:43:41,674-ERROR-测试案例【1】实际结果与预期结果不一致
test_login.py-[LineNo:62]-2022-04-20 23:43:41,674-INFO-data=/['code']:预期值:100<class 'int'>,实际值:1005<class 'int'>
test_login.py-[LineNo:82]-2022-04-20 23:43:41,738-INFO------------>结束执行测试案例：【输入错误的用户名】
test_login.py-[LineNo:83]-2022-04-20 23:43:41,738-INFO-*************** 结束执行用例 ***************
test_login.py-[LineNo:28]-2022-04-20 23:43:41,769-INFO-详细参数为: 输入错误的密码
test_login.py-[LineNo:32]-2022-04-20 23:43:41,771-INFO-*************** 开始执行用例 ***************
test_login.py-[LineNo:33]-2022-04-20 23:43:41,771-INFO------------>开始执行测试案例:输入错误的密码
test_login.py-[LineNo:48]-2022-04-20 23:43:41,771-INFO-返回结果:{"code": 1006, "msg": "密码必须为7-11位字母和数字"}
test_login.py-[LineNo:49]-2022-04-20 23:43:41,771-INFO-预期:{"code": 1006, "msg": "密码必须为7-11位字母和数字"}
test_login.py-[LineNo:50]-2022-04-20 23:43:41,771-INFO-实际:{"code": 1006, "msg": "密码必须为7-11位字母和数字"}
test_login.py-[LineNo:82]-2022-04-20 23:43:41,777-INFO------------>结束执行测试案例：【输入错误的密码】
test_login.py-[LineNo:83]-2022-04-20 23:43:41,777-INFO-*************** 结束执行用例 ***************
test_login.py-[LineNo:28]-2022-04-20 23:43:41,777-INFO-详细参数为: 两次密码输入不一致
test_login.py-[LineNo:32]-2022-04-20 23:43:41,777-INFO-*************** 开始执行用例 ***************
test_login.py-[LineNo:33]-2022-04-20 23:43:41,777-INFO------------>开始执行测试案例:两次密码输入不一致
test_login.py-[LineNo:48]-2022-04-20 23:43:41,777-INFO-返回结果:{"code": 1006, "msg": "密码必须为7-11位字母和数字"}
test_login.py-[LineNo:49]-2022-04-20 23:43:41,777-INFO-预期:{"code": 1006, "msg": "密码必须为7-11位字母和数字"}
test_login.py-[LineNo:50]-2022-04-20 23:43:41,777-INFO-实际:{"code": 1006, "msg": "密码必须为7-11位字母和数字"}
test_login.py-[LineNo:82]-2022-04-20 23:43:41,789-INFO------------>结束执行测试案例：【两次密码输入不一致】
test_login.py-[LineNo:83]-2022-04-20 23:43:41,789-INFO-*************** 结束执行用例 ***************
