test_login.py-[LineNo:23]-2022-04-18 17:15:17,611-INFO-*************** 开始执行用例 ***************
test_login.py-[LineNo:23]-2022-04-18 17:15:17,706-INFO-*************** 开始执行用例 ***************
test_login.py-[LineNo:23]-2022-04-18 17:15:17,711-INFO-*************** 开始执行用例 ***************
test_login.py-[LineNo:23]-2022-04-18 17:16:33,661-INFO-*************** 开始执行用例 ***************
test_login.py-[LineNo:23]-2022-04-18 17:16:33,724-INFO-*************** 开始执行用例 ***************
test_login.py-[LineNo:23]-2022-04-18 17:16:33,740-INFO-*************** 开始执行用例 ***************
test_login.py-[LineNo:22]-2022-04-18 22:14:34,612-INFO-*************** 开始执行用例 ***************
test_login.py-[LineNo:22]-2022-04-18 22:14:34,620-INFO-*************** 开始执行用例 ***************
test_login.py-[LineNo:22]-2022-04-18 22:14:34,627-INFO-*************** 开始执行用例 ***************
test_login.py-[LineNo:22]-2022-04-18 22:16:14,056-INFO-*************** 开始执行用例 ***************
test_login.py-[LineNo:22]-2022-04-18 22:16:14,131-INFO-*************** 开始执行用例 ***************
test_login.py-[LineNo:22]-2022-04-18 22:16:14,135-INFO-*************** 开始执行用例 ***************
test_login.py-[LineNo:22]-2022-04-18 22:17:05,235-INFO-*************** 开始执行用例 ***************
test_login.py-[LineNo:22]-2022-04-18 22:17:05,319-INFO-*************** 开始执行用例 ***************
test_login.py-[LineNo:22]-2022-04-18 22:17:05,323-INFO-*************** 开始执行用例 ***************
test_login.py-[LineNo:22]-2022-04-18 22:32:59,895-INFO-*************** 开始执行用例 ***************
test_login.py-[LineNo:22]-2022-04-18 22:33:00,037-INFO-*************** 开始执行用例 ***************
test_login.py-[LineNo:22]-2022-04-18 22:33:00,052-INFO-*************** 开始执行用例 ***************
test_login.py-[LineNo:22]-2022-04-18 22:33:22,661-INFO-*************** 开始执行用例 ***************
test_login.py-[LineNo:22]-2022-04-18 22:33:22,673-INFO-*************** 开始执行用例 ***************
test_login.py-[LineNo:22]-2022-04-18 22:33:22,681-INFO-*************** 开始执行用例 ***************
test_login.py-[LineNo:22]-2022-04-18 22:36:43,109-INFO-*************** 开始执行用例 ***************
test_login.py-[LineNo:22]-2022-04-18 22:36:43,197-INFO-*************** 开始执行用例 ***************
test_login.py-[LineNo:22]-2022-04-18 22:36:43,210-INFO-*************** 开始执行用例 ***************
test_login.py-[LineNo:22]-2022-04-18 22:37:11,570-INFO-*************** 开始执行用例 ***************
test_login.py-[LineNo:22]-2022-04-18 22:37:11,579-INFO-*************** 开始执行用例 ***************
test_login.py-[LineNo:22]-2022-04-18 22:37:11,588-INFO-*************** 开始执行用例 ***************
test_login.py-[LineNo:22]-2022-04-18 22:38:01,054-INFO-*************** 开始执行用例 ***************
test_login.py-[LineNo:22]-2022-04-18 22:38:01,062-INFO-*************** 开始执行用例 ***************
test_login.py-[LineNo:22]-2022-04-18 22:38:01,071-INFO-*************** 开始执行用例 ***************
test_login.py-[LineNo:22]-2022-04-18 22:38:51,250-INFO-*************** 开始执行用例 ***************
test_login.py-[LineNo:22]-2022-04-18 22:38:51,331-INFO-*************** 开始执行用例 ***************
test_login.py-[LineNo:22]-2022-04-18 22:38:51,342-INFO-*************** 开始执行用例 ***************
test_login.py-[LineNo:22]-2022-04-18 22:39:14,775-INFO-*************** 开始执行用例 ***************
test_login.py-[LineNo:22]-2022-04-18 22:39:14,786-INFO-*************** 开始执行用例 ***************
test_login.py-[LineNo:22]-2022-04-18 22:39:14,876-INFO-*************** 开始执行用例 ***************
test_login.py-[LineNo:22]-2022-04-18 22:40:10,114-INFO-*************** 开始执行用例 ***************
test_login.py-[LineNo:22]-2022-04-18 22:40:10,125-INFO-*************** 开始执行用例 ***************
test_login.py-[LineNo:22]-2022-04-18 22:40:10,203-INFO-*************** 开始执行用例 ***************
test_login.py-[LineNo:22]-2022-04-18 22:55:39,081-INFO-*************** 开始执行用例 ***************
test_login.py-[LineNo:22]-2022-04-18 22:55:39,172-INFO-*************** 开始执行用例 ***************
test_login.py-[LineNo:22]-2022-04-18 22:55:39,185-INFO-*************** 开始执行用例 ***************
test_login.py-[LineNo:22]-2022-04-18 23:02:54,644-INFO-*************** 开始执行用例 ***************
test_login.py-[LineNo:22]-2022-04-18 23:02:54,726-INFO-*************** 开始执行用例 ***************
test_login.py-[LineNo:22]-2022-04-18 23:02:54,736-INFO-*************** 开始执行用例 ***************
test_login.py-[LineNo:22]-2022-04-18 23:08:14,620-INFO-*************** 开始执行用例 ***************
test_login.py-[LineNo:36]-2022-04-18 23:08:14,628-INFO-返回结果:{"code": 1005, "msg": "用户名必须以字母开头，由字母和数字组成 6-8位的字符串"}
test_login.py-[LineNo:22]-2022-04-18 23:08:14,707-INFO-*************** 开始执行用例 ***************
test_login.py-[LineNo:36]-2022-04-18 23:08:14,713-INFO-返回结果:{"code": 1006, "msg": "密码必须为7-11位字母和数字"}
test_login.py-[LineNo:22]-2022-04-18 23:08:14,721-INFO-*************** 开始执行用例 ***************
test_login.py-[LineNo:36]-2022-04-18 23:08:14,728-INFO-返回结果:{"code": 1006, "msg": "密码必须为7-11位字母和数字"}
test_login.py-[LineNo:22]-2022-04-18 23:13:21,906-INFO-*************** 开始执行用例 ***************
test_login.py-[LineNo:22]-2022-04-18 23:13:21,909-INFO-*************** 开始执行用例 ***************
test_login.py-[LineNo:22]-2022-04-18 23:13:21,911-INFO-*************** 开始执行用例 ***************
test_login.py-[LineNo:22]-2022-04-18 23:14:08,127-INFO-*************** 开始执行用例 ***************
test_login.py-[LineNo:22]-2022-04-18 23:14:08,130-INFO-*************** 开始执行用例 ***************
test_login.py-[LineNo:22]-2022-04-18 23:14:08,132-INFO-*************** 开始执行用例 ***************
test_login.py-[LineNo:19]-2022-04-18 23:51:51,881-INFO-详细参数为: {'case_id': 1, 'case_title': '输入错误的用户名', 'url': 'http://127.0.0.1:6666/business/regist_form', 'case_data': "{'username':'admin','password':'admin01','re_password':'admin01','phone':'15736884464','sex':'女','birthday':'1995-04-03','qq':'12345@qq.com','email':'19999@163,com'}", 'res': '{"code": 1005, "msg": "用户名必须以字母开头，由字母和数字组成 6-8位的字符串"}'}
test_login.py-[LineNo:19]-2022-04-18 23:51:51,970-INFO-详细参数为: {'case_id': 2, 'case_title': '输入错误的密码', 'url': 'http://127.0.0.1:6666/business/regist_form', 'case_data': "{'username':'admin01','password':'admin','re_password':'admin','phone':'15736884464','sex':'女','birthday':'1995-04-03','qq':'12345@qq.com','email':'19999@163,com'}", 'res': '{"code": 1006, "msg": "密码必须为7-11位字母和数字"}'}
test_login.py-[LineNo:19]-2022-04-18 23:51:51,970-INFO-详细参数为: {'case_id': 3, 'case_title': '两次密码输入不一致', 'url': 'http://127.0.0.1:6666/business/regist_form', 'case_data': "{'username':'admin01','password':'admin','re_password':'admin01','phone':'15736884464','sex':'女','birthday':'1995-04-03','qq':'12345@qq.com','email':'19999@163,com'}", 'res': '{"code": 1006, "msg": "密码必须为7-11位字母和数字"}'}
test_login.py-[LineNo:19]-2022-04-18 23:52:41,049-INFO-详细参数为: {'case_id': 1, 'case_title': '输入错误的用户名', 'url': 'http://127.0.0.1:6666/business/regist_form', 'case_data': "{'username':'admin','password':'admin01','re_password':'admin01','phone':'15736884464','sex':'女','birthday':'1995-04-03','qq':'12345@qq.com','email':'19999@163,com'}", 'res': '{"code": 1005, "msg": "用户名必须以字母开头，由字母和数字组成 6-8位的字符串"}'}
test_login.py-[LineNo:19]-2022-04-18 23:52:41,148-INFO-详细参数为: {'case_id': 2, 'case_title': '输入错误的密码', 'url': 'http://127.0.0.1:6666/business/regist_form', 'case_data': "{'username':'admin01','password':'admin','re_password':'admin','phone':'15736884464','sex':'女','birthday':'1995-04-03','qq':'12345@qq.com','email':'19999@163,com'}", 'res': '{"code": 1006, "msg": "密码必须为7-11位字母和数字"}'}
test_login.py-[LineNo:19]-2022-04-18 23:52:41,153-INFO-详细参数为: {'case_id': 3, 'case_title': '两次密码输入不一致', 'url': 'http://127.0.0.1:6666/business/regist_form', 'case_data': "{'username':'admin01','password':'admin','re_password':'admin01','phone':'15736884464','sex':'女','birthday':'1995-04-03','qq':'12345@qq.com','email':'19999@163,com'}", 'res': '{"code": 1006, "msg": "密码必须为7-11位字母和数字"}'}
